TN:
SF:/home/jordan/tmp/cpusim/src/controller/main.cpp
FN:4,main
FN:14,_GLOBAL__sub_I_main
FN:14,_Z41__static_initialization_and_destruction_0ii
FNDA:2,_GLOBAL__sub_I_main
FNDA:2,main
FNDA:2,_Z41__static_initialization_and_destruction_0ii
FNF:3
FNH:3
DA:4,2
DA:9,4
DA:10,2
DA:12,2
DA:13,2
DA:14,6
LF:6
LH:6
end_of_record
TN:
SF:/home/jordan/tmp/cpusim/src/model/cpu/Address.cpp
FN:3,_ZN7AddressC2Ev
FN:6,_ZN7AddressC2ERKS_
FN:10,_ZN7AddressC2E14UnsignedMorsel
FN:14,_ZN7AddressC2E12SignedMorsel
FN:19,_ZN7AddressC2Ey
FN:24,_ZN7AddressaSEj
FN:29,_ZNK7Address5asIntEv
FN:33,_ZNK7Address8asStringB5cxx11Ev
FN:37,_ZlsRSoRK7Address
FN:42,_ZN7AddressmlERKS_
FN:48,_ZmljRK7Address
FN:53,_ZN7AddressmlEi
FN:58,_ZN7AddresslsEj
FN:64,_ZN7Address2pbEj
FN:69,_ZNK7AddressltES_
FN:73,_ZN7AddressltEj
FN:77,_ZN7AddressgtEj
FN:81,_ZN7AddressleEj
FN:85,_Zgtj7Address
FN:89,_ZN7AddressplEj
FN:96,_ZN7AddressplES_
FN:102,_ZN7AddresspLEi
FN:107,_ZN7AddressmiES_
FN:113,_ZN7AddressmiEm
FN:121,_ZN7AddressppEi
FN:126,_ZN7AddressrmEj
FN:133,_ZN7AddresslsES_
FN:139,_ZNK7AddresseqERKS_
FN:143,_ZN7AddresseqEi
FN:149,_ZN7AddressleE14UnsignedMorsel
FN:153,_ZN7AddressanERKS_
FN:159,_ZN7AddressanEm
FN:167,_ZN7AddressorERKS_
FN:173,_ZN7AddresseoEj
FN:179,_ZN7Address16asUnsignedMorselEv
FN:183,_ZN7AddressdvERKS_
FN:189,_ZN7AddressdvEi
FN:196,_ZN7Address6resizeEj
FN:201,_ZN7Address4sizeEv
FN:206,_Z10hash_valueRK7Address
FN:210,_GLOBAL__sub_I__ZN7AddressC2Ev
FN:210,_Z41__static_initialization_and_destruction_0ii
FNDA:9,_ZlsRSoRK7Address
FNDA:19,_ZN7AddressmlEi
FNDA:2,_ZmljRK7Address
FNDA:2,_ZN7AddressgtEj
FNDA:2,_ZN7AddressdvERKS_
FNDA:4,_ZN7AddressanERKS_
FNDA:373,_ZNK7Address5asIntEv
FNDA:3,_ZN7AddressmiEm
FNDA:2,_ZN7AddressppEi
FNDA:5,_ZN7AddressltEj
FNDA:0,_ZN7AddresslsES_
FNDA:71,_ZN7AddressmiES_
FNDA:23,_ZN7AddressmlERKS_
FNDA:135,_ZN7AddressrmEj
FNDA:191,_ZN7AddressC2E14UnsignedMorsel
FNDA:22,_ZNK7Address8asStringB5cxx11Ev
FNDA:4,_ZN7Address4sizeEv
FNDA:102,_ZN7AddressplES_
FNDA:2,_ZN7AddressanEm
FNDA:460,_ZN7AddressC2Ev
FNDA:256,_ZN7AddressaSEj
FNDA:2,_ZN7Address6resizeEj
FNDA:13,_ZN7Address16asUnsignedMorselEv
FNDA:4,_ZN7AddresseqEi
FNDA:249,_ZN7AddressC2Ey
FNDA:5,_GLOBAL__sub_I__ZN7AddressC2Ev
FNDA:5,_Z41__static_initialization_and_destruction_0ii
FNDA:3,_ZN7AddressleEj
FNDA:1220,_ZN7AddressC2ERKS_
FNDA:382,_ZNK7AddresseqERKS_
FNDA:306,_Z10hash_valueRK7Address
FNDA:2,_ZN7AddressleE14UnsignedMorsel
FNDA:455,_ZNK7AddressltES_
FNDA:42,_ZN7Address2pbEj
FNDA:36,_ZN7AddressorERKS_
FNDA:0,_ZN7AddresseoEj
FNDA:3,_Zgtj7Address
FNDA:5,_ZN7AddresspLEi
FNDA:93,_ZN7AddressplEj
FNDA:149,_ZN7AddressdvEi
FNDA:20,_ZN7AddressC2E12SignedMorsel
FNDA:2,_ZN7AddresslsEj
FNF:42
FNH:40
DA:3,460
DA:5,460
DA:6,1220
DA:8,1220
DA:9,1220
DA:10,191
DA:12,191
DA:13,191
DA:14,20
DA:16,40
DA:17,20
DA:18,20
DA:19,249
DA:21,498
DA:22,249
DA:23,249
DA:24,256
DA:26,256
DA:27,256
DA:29,373
DA:31,373
DA:33,22
DA:35,22
DA:37,9
DA:39,9
DA:40,9
DA:42,23
DA:44,23
DA:45,23
DA:46,23
DA:48,2
DA:50,4
DA:51,4
DA:53,19
DA:55,38
DA:56,38
DA:58,2
DA:60,2
DA:61,2
DA:62,2
DA:64,42
DA:66,42
DA:67,42
DA:69,455
DA:71,455
DA:73,5
DA:75,5
DA:77,2
DA:79,2
DA:81,3
DA:83,3
DA:85,3
DA:87,3
DA:89,93
DA:91,93
DA:92,93
DA:93,93
DA:94,93
DA:96,102
DA:98,102
DA:99,102
DA:100,102
DA:102,5
DA:104,5
DA:105,5
DA:107,71
DA:109,71
DA:110,71
DA:111,71
DA:113,3
DA:115,6
DA:116,3
DA:117,3
DA:118,3
DA:119,6
DA:121,2
DA:123,2
DA:124,2
DA:126,135
DA:128,135
DA:129,135
DA:130,135
DA:131,135
DA:133,0
DA:135,0
DA:136,0
DA:137,0
DA:139,382
DA:141,382
DA:143,4
DA:145,8
DA:146,4
DA:147,8
DA:149,2
DA:151,2
DA:153,4
DA:155,4
DA:156,4
DA:157,4
DA:159,2
DA:161,4
DA:162,2
DA:163,2
DA:164,2
DA:165,4
DA:167,36
DA:169,36
DA:170,36
DA:171,36
DA:173,0
DA:175,0
DA:176,0
DA:177,0
DA:179,13
DA:181,13
DA:183,2
DA:185,2
DA:186,2
DA:187,2
DA:189,149
DA:191,298
DA:192,149
DA:193,149
DA:194,298
DA:196,2
DA:198,2
DA:199,2
DA:201,4
DA:203,4
DA:206,306
DA:208,306
DA:209,306
DA:210,15
LF:133
LH:125
end_of_record
TN:
SF:/home/jordan/tmp/cpusim/src/model/cpu/Address.h
FN:8,_ZN7AddressD2Ev
FN:8,_ZN7AddressaSERKS_
FNDA:2062,_ZN7AddressD2Ev
FNDA:300,_ZN7AddressaSERKS_
FNF:2
FNH:2
DA:8,2362
LF:1
LH:1
end_of_record
TN:
SF:/home/jordan/tmp/cpusim/src/model/cpu/SignedMorsel.cpp
FN:2,_ZN12SignedMorsel5countEv
FN:6,_ZN12SignedMorselC2EN5boost14dynamic_bitsetImSaImEEE
FN:10,_ZN12SignedMorselC2Ey
FN:14,_ZN12SignedMorselC2E14UnsignedMorsel
FN:36,_ZN12SignedMorselplERKS_
FN:64,_ZN12SignedMorselplEi
FN:69,_ZN12SignedMorselmiERKS_
FN:84,_ZmiiRK12SignedMorsel
FN:89,_ZN12SignedMorselmIERKS_
FN:94,_ZN12SignedMorselppEi
FN:99,_ZN12SignedMorselaSEy
FN:113,_ZN12SignedMorselaSERKS_
FN:118,_ZNK12SignedMorsel8asStringB5cxx11Ev
FN:153,_ZlsRSoRK12SignedMorsel
FN:158,_ZNK12SignedMorselltES_
FN:190,_ZN12SignedMorselltEi
FN:196,_ZN12SignedMorselleERKS_
FN:200,_ZN12SignedMorselleEi
FN:204,_ZleiRK12SignedMorsel
FN:209,_ZN12SignedMorselgtEi
FN:215,_Zgti12SignedMorsel
FN:221,_ZN12SignedMorselgtES_
FN:225,_ZN12SignedMorselgeERKS_
FN:229,_ZN12SignedMorseldvERKS_
FN:272,_ZN12SignedMorselrmERKS_
FN:280,_ZNK12SignedMorsel4sizeEv
FN:284,_ZNK12SignedMorseleqES_
FN:292,_ZNK12SignedMorseleqEi
FN:297,_ZNK12SignedMorsel5asIntEv
FN:308,_ZN12SignedMorselanERKS_
FN:318,_ZN12SignedMorselanEi
FN:323,_ZN12SignedMorselorERKS_
FN:333,_ZN12SignedMorseloRERKS_
FN:340,_ZN12SignedMorselcoEv
FN:346,_ZN12SignedMorselngEv
FN:352,_ZNK12SignedMorseleoERKS_
FN:362,_ZN12SignedMorsellsERKS_
FN:377,_ZN12SignedMorsellsEi
FN:383,_ZN12SignedMorsel2pbEi
FN:389,_ZN12SignedMorselrsEi
FN:395,_ZN12SignedMorselrsERKS_
FN:406,_ZN12SignedMorselmlERKS_
FN:418,_ZmliRK12SignedMorsel
FN:423,_ZN12SignedMorsellSEm
FN:428,_ZN12SignedMorselneERKS_
FN:432,_ZN12SignedMorselneEy
FN:437,_ZNK12SignedMorsel7asFloatEv
FN:465,_ZN12SignedMorsel6asCharEv
FN:470,_ZN12SignedMorsel6resizeEj
FN:474,_GLOBAL__sub_I__ZN12SignedMorsel5countEv
FN:474,_Z41__static_initialization_and_destruction_0ii
FNDA:791,_ZN12SignedMorselorERKS_
FNDA:16,_ZNK12SignedMorsel8asStringB5cxx11Ev
FNDA:2,_ZN12SignedMorseloRERKS_
FNDA:7240,_ZNK12SignedMorseleqES_
FNDA:1,_ZN12SignedMorsel5countEv
FNDA:657,_ZN12SignedMorsellsERKS_
FNDA:1384,_ZN12SignedMorselanERKS_
FNDA:1,_ZNK12SignedMorsel7asFloatEv
FNDA:1383,_ZN12SignedMorselrsERKS_
FNDA:1,_ZNK12SignedMorseleoERKS_
FNDA:8,_GLOBAL__sub_I__ZN12SignedMorsel5countEv
FNDA:657,_ZN12SignedMorsellsEi
FNDA:11,_ZN12SignedMorselrmERKS_
FNDA:1,_ZNK12SignedMorsel5asIntEv
FNDA:1,_ZN12SignedMorselgeERKS_
FNDA:148,_ZN12SignedMorsellSEm
FNDA:42,_ZN12SignedMorselgtES_
FNDA:1,_ZN12SignedMorselcoEv
FNDA:8,_Z41__static_initialization_and_destruction_0ii
FNDA:10474,_ZN12SignedMorselaSERKS_
FNDA:5280,_ZN12SignedMorselplERKS_
FNDA:869,_ZN12SignedMorselneEy
FNDA:1,_ZN12SignedMorselleEi
FNDA:15924,_ZNK12SignedMorsel4sizeEv
FNDA:33,_ZN12SignedMorselmlERKS_
FNDA:2,_ZN12SignedMorselltEi
FNDA:1,_ZN12SignedMorselppEi
FNDA:22,_ZN12SignedMorseldvERKS_
FNDA:1383,_ZN12SignedMorselanEi
FNDA:9,_ZN12SignedMorselngEv
FNDA:1,_ZmiiRK12SignedMorsel
FNDA:12,_ZN12SignedMorselleERKS_
FNDA:52,_ZN12SignedMorsel6asCharEv
FNDA:474,_ZN12SignedMorsel2pbEi
FNDA:5280,_ZN12SignedMorselC2EN5boost14dynamic_bitsetImSaImEEE
FNDA:1,_Zgti12SignedMorsel
FNDA:1382,_ZN12SignedMorselrsEi
FNDA:16321,_ZN12SignedMorselaSEy
FNDA:510,_ZN12SignedMorsel6resizeEj
FNDA:2,_ZlsRSoRK12SignedMorsel
FNDA:57,_ZNK12SignedMorselltES_
FNDA:8780,_ZN12SignedMorselC2Ey
FNDA:1,_ZN12SignedMorselneERKS_
FNDA:1,_ZN12SignedMorselmIERKS_
FNDA:5481,_ZNK12SignedMorseleqEi
FNDA:2579,_ZN12SignedMorselplEi
FNDA:11,_ZN12SignedMorselC2E14UnsignedMorsel
FNDA:1,_ZN12SignedMorselgtEi
FNDA:1,_ZleiRK12SignedMorsel
FNDA:1,_ZmliRK12SignedMorsel
FNDA:2549,_ZN12SignedMorselmiERKS_
FNF:51
FNH:51
DA:2,1
DA:4,1
DA:6,5280
DA:8,5280
DA:9,5280
DA:10,8780
DA:12,8780
DA:13,8780
DA:14,11
DA:16,22
DA:17,22
DA:18,11
DA:20,11
DA:21,473
DA:23,231
DA:24,231
DA:25,231
DA:27,22
DA:28,11
DA:29,473
DA:31,231
DA:32,231
DA:34,11
DA:35,11
DA:36,5280
DA:38,10560
DA:41,12782
DA:42,7502
DA:43,7502
DA:44,7502
DA:45,7502
DA:47,5654
DA:48,187
DA:49,187
DA:50,187
DA:51,187
DA:53,12366
DA:54,3543
DA:55,3543
DA:56,3543
DA:57,3543
DA:59,5280
DA:60,2574
DA:62,10560
DA:64,2579
DA:66,5158
DA:67,5158
DA:69,2549
DA:71,5098
DA:72,5098
DA:73,2549
DA:74,544
DA:75,2549
DA:76,10
DA:77,2549
DA:78,2549
DA:79,2549
DA:80,2549
DA:81,2549
DA:82,5098
DA:84,1
DA:86,2
DA:87,2
DA:89,1
DA:91,1
DA:92,1
DA:94,1
DA:96,1
DA:97,1
DA:99,16321
DA:101,16321
DA:102,16321
DA:103,5764
DA:105,22085
DA:106,22085
DA:107,22085
DA:108,22085
DA:109,16321
DA:110,16321
DA:111,16321
DA:113,10474
DA:115,10474
DA:116,10474
DA:118,16
DA:120,32
DA:121,32
DA:122,16
DA:123,163
DA:125,147
DA:126,147
DA:127,147
DA:129,16
DA:130,42
DA:132,13
DA:133,13
DA:134,13
DA:136,32
DA:137,16
DA:139,36
DA:141,40
DA:143,180
DA:145,160
DA:146,160
DA:148,20
DA:149,20
DA:151,32
DA:153,2
DA:155,2
DA:156,2
DA:158,57
DA:160,57
DA:161,57
DA:162,73
DA:164,27
DA:166,19
DA:169,38
DA:171,10
DA:173,10
DA:176,94
DA:178,61
DA:180,28
DA:182,21
DA:184,7
DA:188,0
DA:190,2
DA:192,4
DA:193,2
DA:194,4
DA:196,12
DA:198,12
DA:200,1
DA:202,1
DA:204,1
DA:206,2
DA:207,2
DA:209,1
DA:211,2
DA:212,1
DA:213,2
DA:215,1
DA:217,2
DA:218,1
DA:219,2
DA:221,42
DA:223,42
DA:225,1
DA:227,1
DA:229,22
DA:231,44
DA:232,44
DA:233,44
DA:234,44
DA:235,44
DA:237,22
DA:238,10
DA:239,10
DA:241,24
DA:243,8
DA:244,8
DA:246,8
DA:249,12
DA:251,10
DA:254,10
DA:255,10
DA:257,10
DA:259,2
DA:272,11
DA:274,22
DA:275,22
DA:276,11
DA:277,11
DA:278,22
DA:280,15924
DA:282,15924
DA:284,7240
DA:286,14480
DA:287,14480
DA:288,7240
DA:289,7240
DA:290,14480
DA:292,5481
DA:293,10962
DA:294,5481
DA:295,10962
DA:297,1
DA:299,2
DA:300,1
DA:301,11
DA:303,5
DA:304,5
DA:306,2
DA:308,1384
DA:310,2768
DA:311,2768
DA:312,1384
DA:313,1384
DA:314,1384
DA:315,1384
DA:316,2768
DA:318,1383
DA:320,2766
DA:321,2766
DA:323,791
DA:325,1582
DA:326,1582
DA:327,791
DA:328,791
DA:329,791
DA:330,791
DA:331,1582
DA:333,2
DA:335,4
DA:336,2
DA:337,2
DA:338,4
DA:340,1
DA:342,1
DA:343,1
DA:344,1
DA:346,9
DA:348,9
DA:349,9
DA:350,9
DA:352,1
DA:354,2
DA:355,2
DA:356,1
DA:357,1
DA:358,1
DA:359,1
DA:360,2
DA:362,657
DA:365,657
DA:366,1
DA:368,657
DA:369,1314
DA:370,2275
DA:372,809
DA:373,809
DA:375,1314
DA:377,657
DA:379,1314
DA:380,657
DA:381,1314
DA:383,474
DA:385,474
DA:386,474
DA:387,474
DA:389,1382
DA:391,2764
DA:392,1382
DA:393,2764
DA:395,1383
DA:397,1383
DA:398,2766
DA:399,4537
DA:401,1577
DA:402,1577
DA:404,2766
DA:406,33
DA:408,33
DA:409,66
DA:410,66
DA:411,295
DA:413,131
DA:414,131
DA:416,66
DA:418,1
DA:420,2
DA:421,2
DA:423,148
DA:425,148
DA:426,148
DA:428,1
DA:430,1
DA:432,869
DA:434,1738
DA:435,1738
DA:437,1
DA:439,2
DA:446,1
DA:448,1
DA:449,9
DA:451,4
DA:452,4
DA:453,4
DA:454,4
DA:456,9
DA:458,4
DA:459,4
DA:460,4
DA:461,4
DA:463,2
DA:465,52
DA:467,52
DA:468,52
DA:470,510
DA:472,510
DA:473,510
DA:474,24
LF:300
LH:299
end_of_record
TN:
SF:/home/jordan/tmp/cpusim/src/model/cpu/SignedMorsel.h
FN:12,_ZN12SignedMorselC2ERKS_
FN:12,_ZN12SignedMorselD2Ev
FN:17,_ZN12SignedMorselC2Ev
FNDA:12299,_ZN12SignedMorselC2Ev
FNDA:34674,_ZN12SignedMorselC2ERKS_
FNDA:60355,_ZN12SignedMorselD2Ev
FNF:3
FNH:3
DA:12,95029
DA:17,12299
LF:2
LH:2
end_of_record
TN:
SF:/home/jordan/tmp/cpusim/src/model/cpu/UnsignedMorsel.cpp
FN:2,_ZN14UnsignedMorsel5countEv
FN:6,_ZN14UnsignedMorselC2EN5boost14dynamic_bitsetImSaImEEE
FN:10,_ZN14UnsignedMorselC2Ey
FN:14,_ZN14UnsignedMorselC2E12SignedMorsel
FN:78,_ZN14UnsignedMorselplERKS_
FN:106,_ZN14UnsignedMorselplEj
FN:111,_ZN14UnsignedMorselmiERKS_
FN:129,_ZmijRK14UnsignedMorsel
FN:134,_ZN14UnsignedMorselmIERKS_
FN:139,_ZN14UnsignedMorselppEi
FN:144,_ZN14UnsignedMorselaSEy
FN:160,_ZN14UnsignedMorselaSERKS_
FN:165,_ZNK14UnsignedMorsel8asStringB5cxx11Ev
FN:200,_ZlsRSoRK14UnsignedMorsel
FN:205,_ZNK14UnsignedMorselltES_
FN:237,_ZN14UnsignedMorselltEj
FN:243,_ZN14UnsignedMorselleERKS_
FN:247,_ZN14UnsignedMorselleEj
FN:251,_ZlejRK14UnsignedMorsel
FN:256,_ZN14UnsignedMorselgtEj
FN:262,_Zgtj14UnsignedMorsel
FN:268,_ZN14UnsignedMorselgtES_
FN:272,_ZN14UnsignedMorselgeERKS_
FN:276,_ZN14UnsignedMorseldvERKS_
FN:344,_ZN14UnsignedMorselrmERKS_
FN:352,_ZNK14UnsignedMorsel4sizeEv
FN:356,_ZNK14UnsignedMorseleqES_
FN:364,_ZNK14UnsignedMorseleqEj
FN:369,_ZNK14UnsignedMorsel5asIntEv
FN:380,_ZN14UnsignedMorselanERKS_
FN:390,_ZN14UnsignedMorselanEj
FN:395,_ZN14UnsignedMorselorERKS_
FN:405,_ZN14UnsignedMorseleoERKj
FN:410,_ZN14UnsignedMorseleoERKS_
FN:420,_ZN14UnsignedMorseloRERKS_
FN:427,_ZN14UnsignedMorselcoEv
FN:433,_ZNK14UnsignedMorseleoERKS_
FN:443,_ZN14UnsignedMorsellsERKS_
FN:458,_ZN14UnsignedMorsellsEj
FN:464,_ZN14UnsignedMorsel2pbEj
FN:470,_ZN14UnsignedMorselrsEj
FN:476,_ZN14UnsignedMorselrsERKS_
FN:487,_ZN14UnsignedMorselmlERKS_
FN:501,_ZmljRK14UnsignedMorsel
FN:506,_ZN14UnsignedMorsellSEm
FN:511,_ZN14UnsignedMorselneERKS_
FN:515,_ZN14UnsignedMorselneEy
FN:520,_ZNK14UnsignedMorsel7asFloatEv
FN:548,_ZN14UnsignedMorsel6asCharEv
FN:553,_ZN14UnsignedMorsel6resizeEj
FN:557,_Z41__static_initialization_and_destruction_0ii
FN:557,_GLOBAL__sub_I__ZN14UnsignedMorsel5countEv
FNDA:170245,_ZN14UnsignedMorselC2EN5boost14dynamic_bitsetImSaImEEE
FNDA:17947,_ZN14UnsignedMorselrsERKS_
FNDA:279315,_ZNK14UnsignedMorseleqES_
FNDA:1,_ZN14UnsignedMorselleEj
FNDA:38,_ZN14UnsignedMorselC2E12SignedMorsel
FNDA:36039,_ZN14UnsignedMorseldvERKS_
FNDA:8,_GLOBAL__sub_I__ZN14UnsignedMorsel5countEv
FNDA:68349,_ZN14UnsignedMorselmiERKS_
FNDA:374,_ZNK14UnsignedMorsel5asIntEv
FNDA:14887,_ZN14UnsignedMorsel2pbEj
FNDA:0,_ZNK14UnsignedMorseleoERKS_
FNDA:10,_ZN14UnsignedMorselltEj
FNDA:17946,_ZN14UnsignedMorselrsEj
FNDA:549979,_ZNK14UnsignedMorsel4sizeEv
FNDA:1,_ZlejRK14UnsignedMorsel
FNDA:315227,_ZN14UnsignedMorselaSERKS_
FNDA:3,_ZmljRK14UnsignedMorsel
FNDA:8,_Z41__static_initialization_and_destruction_0ii
FNDA:1,_ZN14UnsignedMorselcoEv
FNDA:70721,_ZN14UnsignedMorselplEj
FNDA:0,_ZN14UnsignedMorseleoERKj
FNDA:40785,_ZN14UnsignedMorselgtES_
FNDA:248,_ZN14UnsignedMorselneEy
FNDA:23264,_ZN14UnsignedMorselorERKS_
FNDA:18,_ZmijRK14UnsignedMorsel
FNDA:17947,_ZN14UnsignedMorselanERKS_
FNDA:170245,_ZN14UnsignedMorselplERKS_
FNDA:43905,_ZNK14UnsignedMorselltES_
FNDA:1,_ZN14UnsignedMorseloRERKS_
FNDA:17942,_ZN14UnsignedMorselanEj
FNDA:51774,_ZN14UnsignedMorselmlERKS_
FNDA:1,_ZN14UnsignedMorselmIERKS_
FNDA:34714,_ZN14UnsignedMorsellsEj
FNDA:32995,_ZN14UnsignedMorsel6resizeEj
FNDA:18013,_ZN14UnsignedMorselrmERKS_
FNDA:1,_ZN14UnsignedMorselneERKS_
FNDA:377082,_ZN14UnsignedMorselC2Ey
FNDA:1,_ZN14UnsignedMorsel5countEv
FNDA:632608,_ZN14UnsignedMorselaSEy
FNDA:157,_ZNK14UnsignedMorsel8asStringB5cxx11Ev
FNDA:34714,_ZN14UnsignedMorsellsERKS_
FNDA:202416,_ZNK14UnsignedMorseleqEj
FNDA:8,_ZlsRSoRK14UnsignedMorsel
FNDA:498,_ZN14UnsignedMorsel6asCharEv
FNDA:2648,_ZN14UnsignedMorselleERKS_
FNDA:1,_Zgtj14UnsignedMorsel
FNDA:1761,_ZN14UnsignedMorsellSEm
FNDA:3,_ZN14UnsignedMorselppEi
FNDA:20,_ZN14UnsignedMorselgtEj
FNDA:1,_ZN14UnsignedMorselgeERKS_
FNDA:1,_ZNK14UnsignedMorsel7asFloatEv
FNDA:1,_ZN14UnsignedMorseleoERKS_
FNF:52
FNH:50
DA:2,1
DA:4,1
DA:6,170245
DA:8,170245
DA:9,170245
DA:10,377082
DA:12,377082
DA:13,377082
DA:14,38
DA:16,76
DA:17,76
DA:18,38
DA:20,38
DA:21,1684
DA:23,823
DA:24,823
DA:25,823
DA:27,76
DA:28,38
DA:29,1684
DA:31,823
DA:32,823
DA:34,38
DA:35,38
DA:78,170245
DA:80,340490
DA:83,428935
DA:84,258690
DA:85,258690
DA:86,258690
DA:87,258690
DA:89,336979
DA:90,83367
DA:91,83367
DA:92,83367
DA:93,83367
DA:95,414941
DA:96,122348
DA:97,122348
DA:98,122348
DA:99,122348
DA:101,170245
DA:102,68362
DA:104,340490
DA:106,70721
DA:108,141442
DA:109,141442
DA:111,68349
DA:113,136698
DA:114,136698
DA:115,68349
DA:116,7749
DA:117,68349
DA:118,206
DA:119,68349
DA:120,68349
DA:121,68349
DA:124,68349
DA:126,68349
DA:127,136698
DA:129,18
DA:131,36
DA:132,36
DA:134,1
DA:136,1
DA:137,1
DA:139,3
DA:141,3
DA:142,3
DA:144,632608
DA:146,632608
DA:147,632608
DA:148,632608
DA:149,284627
DA:151,917235
DA:152,917235
DA:153,917235
DA:154,917235
DA:155,632608
DA:157,632608
DA:158,632608
DA:160,315227
DA:162,315227
DA:163,315227
DA:165,157
DA:167,314
DA:168,314
DA:169,157
DA:170,1903
DA:172,1746
DA:173,1746
DA:174,1746
DA:176,157
DA:177,553
DA:179,198
DA:180,198
DA:181,198
DA:183,314
DA:184,157
DA:186,400
DA:188,486
DA:190,2187
DA:192,1944
DA:193,1944
DA:195,243
DA:196,243
DA:198,314
DA:200,8
DA:202,8
DA:203,8
DA:205,43905
DA:207,43905
DA:208,43905
DA:209,177911
DA:211,98454
DA:213,31451
DA:216,97486
DA:218,43280
DA:220,764
DA:223,78834
DA:225,44839
DA:227,11267
DA:229,6897
DA:231,4370
DA:235,423
DA:237,10
DA:239,20
DA:240,10
DA:241,20
DA:243,2648
DA:245,2648
DA:247,1
DA:249,1
DA:251,1
DA:253,2
DA:254,2
DA:256,20
DA:258,40
DA:259,20
DA:260,40
DA:262,1
DA:264,2
DA:265,1
DA:266,2
DA:268,40785
DA:270,40785
DA:272,1
DA:274,1
DA:276,36039
DA:280,72078
DA:281,72078
DA:282,72078
DA:283,72078
DA:284,72078
DA:287,36039
DA:289,32985
DA:291,3054
DA:293,410
DA:296,2644
DA:298,7086
DA:300,2363
DA:301,2363
DA:305,2360
DA:308,18158
DA:315,17874
DA:317,17874
DA:318,17874
DA:320,17874
DA:331,284
DA:344,18013
DA:346,36026
DA:347,36026
DA:348,18013
DA:349,18013
DA:350,36026
DA:352,549979
DA:354,549979
DA:356,279315
DA:358,558630
DA:359,558630
DA:360,279315
DA:361,279315
DA:362,558630
DA:364,202416
DA:365,404832
DA:366,202416
DA:367,404832
DA:369,374
DA:371,748
DA:372,374
DA:373,44714
DA:375,22170
DA:376,22170
DA:378,748
DA:380,17947
DA:382,35894
DA:383,35894
DA:384,17947
DA:385,17947
DA:386,17947
DA:387,17947
DA:388,35894
DA:390,17942
DA:392,35884
DA:393,35884
DA:395,23264
DA:397,46528
DA:398,46528
DA:399,23264
DA:400,23264
DA:401,23264
DA:402,23264
DA:403,46528
DA:405,0
DA:407,0
DA:408,0
DA:410,1
DA:412,2
DA:413,2
DA:414,1
DA:415,1
DA:416,1
DA:417,1
DA:418,2
DA:420,1
DA:422,2
DA:423,1
DA:424,1
DA:425,2
DA:427,1
DA:429,1
DA:430,1
DA:431,1
DA:433,0
DA:435,0
DA:436,0
DA:437,0
DA:438,0
DA:439,0
DA:440,0
DA:441,0
DA:443,34714
DA:446,34714
DA:447,2
DA:449,34714
DA:450,69428
DA:451,94510
DA:453,29898
DA:454,29898
DA:456,69428
DA:458,34714
DA:460,69428
DA:461,34714
DA:462,69428
DA:464,14887
DA:466,14887
DA:467,14887
DA:468,14887
DA:470,17946
DA:472,35892
DA:473,17946
DA:474,35892
DA:476,17947
DA:478,17947
DA:479,35894
DA:480,53909
DA:482,17981
DA:483,17981
DA:485,35894
DA:487,51774
DA:489,103548
DA:490,103548
DA:491,51774
DA:492,14732
DA:493,12785
DA:494,12764
DA:495,19579
DA:496,13197
DA:497,13197
DA:499,6382
DA:501,3
DA:503,6
DA:504,6
DA:506,1761
DA:508,1761
DA:509,1761
DA:511,1
DA:513,1
DA:515,248
DA:517,496
DA:518,496
DA:520,1
DA:522,2
DA:529,1
DA:531,1
DA:532,9
DA:534,4
DA:535,4
DA:536,4
DA:537,4
DA:539,9
DA:541,4
DA:542,4
DA:543,4
DA:544,4
DA:546,2
DA:548,498
DA:550,498
DA:551,498
DA:553,32995
DA:555,32995
DA:556,32995
DA:557,24
LF:313
LH:302
end_of_record
TN:
SF:/home/jordan/tmp/cpusim/src/model/cpu/UnsignedMorsel.h
FN:12,_ZN14UnsignedMorselC2ERKS_
FN:12,_ZN14UnsignedMorselD2Ev
FN:17,_ZN14UnsignedMorselC2Ev
FNDA:377165,_ZN14UnsignedMorselC2Ev
FNDA:2371272,_ZN14UnsignedMorselD2Ev
FNDA:1428288,_ZN14UnsignedMorselC2ERKS_
FNF:3
FNH:3
DA:12,3799560
DA:17,377165
LF:2
LH:2
end_of_record
TN:
SF:/home/jordan/tmp/cpusim/src/model/cpu/cpu.cpp
FN:4,_ZN3cpuC2Ej7Addressj
FN:15,_ZN3cpu4stepEj
FN:19,_ZN3cpu8toStringB5cxx11Ev
FN:46,_ZN3cpu7memdumpERSo
FN:48,_ZZN3cpu7memdumpERSoEN10lineStructD2Ev
FN:48,_ZZN3cpu7memdumpERSoEN10lineStructC2Ev
FN:93,_ZN3cpu9loadimageENSt7__cxx1112basic_stringIcSt11char_traitsIcESaIcEEE
FN:113,_ZN3cpu4loadE7Address14UnsignedMorsel
FN:121,_ZN3cpu4viewE7Address
FN:126,_ZN3cpu5getipEv
FN:131,_ZN3cpu5setipE7Address
FN:197,_ZN3cpu4regsE7Address
FN:202,_ZN3cpu4regsE7Address14UnsignedMorsel
FN:206,_GLOBAL__sub_I__ZN3cpuC2Ej7Addressj
FN:206,_Z41__static_initialization_and_destruction_0ii
FNDA:1,_ZN3cpu8toStringB5cxx11Ev
FNDA:4,_Z41__static_initialization_and_destruction_0ii
FNDA:4,_GLOBAL__sub_I__ZN3cpuC2Ej7Addressj
FNDA:0,_ZN3cpu4stepEj
FNDA:3,_ZN3cpu4viewE7Address
FNDA:19,_ZN3cpu4regsE7Address
FNDA:7,_ZN3cpu5getipEv
FNDA:3,_ZN3cpu7memdumpERSo
FNDA:3,_ZZN3cpu7memdumpERSoEN10lineStructD2Ev
FNDA:0,_ZN3cpu9loadimageENSt7__cxx1112basic_stringIcSt11char_traitsIcESaIcEEE
FNDA:19,_ZN3cpu4regsE7Address14UnsignedMorsel
FNDA:3,_ZZN3cpu7memdumpERSoEN10lineStructC2Ev
FNDA:15,_ZN3cpuC2Ej7Addressj
FNDA:91,_ZN3cpu4loadE7Address14UnsignedMorsel
FNDA:2,_ZN3cpu5setipE7Address
FNF:15
FNH:13
DA:4,15
DA:6,15
DA:8,15
DA:9,15
DA:11,15
DA:12,15
DA:15,0
DA:17,0
DA:19,1
DA:21,1
DA:22,1
DA:23,1
DA:24,1
DA:25,1
DA:27,1
DA:28,1
DA:29,1
DA:31,1
DA:32,1
DA:33,1
DA:34,1
DA:35,1
DA:36,1
DA:37,1
DA:38,1
DA:39,1
DA:40,1
DA:41,1
DA:42,1
DA:46,3
DA:48,6
DA:51,6
DA:52,3
DA:54,6
DA:55,68
DA:56,65
DA:58,6
DA:59,51
DA:60,48
DA:62,6
DA:63,3
DA:64,68
DA:66,65
DA:67,65
DA:70,4
DA:71,68
DA:73,64
DA:74,64
DA:75,64
DA:78,4
DA:80,65
DA:81,65
DA:83,3
DA:84,51
DA:86,48
DA:87,48
DA:88,48
DA:90,3
DA:91,3
DA:93,0
DA:95,0
DA:96,0
DA:98,0
DA:99,0
DA:102,0
DA:104,0
DA:105,0
DA:106,0
DA:108,0
DA:110,0
DA:113,91
DA:115,91
DA:116,91
DA:117,91
DA:118,91
DA:121,3
DA:123,3
DA:126,7
DA:128,7
DA:131,2
DA:133,2
DA:134,2
DA:197,19
DA:199,19
DA:202,19
DA:204,19
DA:205,19
DA:206,12
LF:88
LH:75
end_of_record
TN:
SF:/home/jordan/tmp/cpusim/src/model/cpu/cpu.h
FN:38,_ZN3cpuD2Ev
FNDA:13,_ZN3cpuD2Ev
FNF:1
FNH:1
DA:38,13
LF:1
LH:1
end_of_record
TN:
SF:/home/jordan/tmp/cpusim/src/model/cpu/morsel.h
FN:10,_ZN6MorselD2Ev
FN:10,_ZN6MorselC2ERKS_
FN:15,_ZN6MorselC2Ev
FN:16,_ZN6Morsel5countEv
FN:20,_ZN6MorselC2EN5boost14dynamic_bitsetImSaImEEE
FN:24,_ZN6MorselC2Ey
FN:28,_ZN6MorselplERKS_
FN:56,_ZN6MorselplEi
FN:61,_ZN6MorselmiERKS_
FN:76,_ZmiiRK6Morsel
FN:81,_ZN6MorselmIERKS_
FN:86,_ZN6MorselppEi
FN:91,_ZN6MorselaSEy
FN:105,_ZN6MorselaSERKS_
FN:110,_ZNK6Morsel8asStringB5cxx11Ev
FN:145,_ZlsRSoRK6Morsel
FN:150,_ZNK6MorselltES_
FN:182,_ZN6MorselltEi
FN:188,_ZN6MorselleERKS_
FN:192,_ZN6MorselleEi
FN:196,_ZleiRK6Morsel
FN:201,_ZN6MorselgtEi
FN:207,_Zgti6Morsel
FN:213,_ZN6MorselgtES_
FN:217,_ZN6MorselgeERKS_
FN:221,_ZN6MorseldvERKS_
FN:264,_ZN6MorselrmERKS_
FN:272,_ZNK6Morsel4sizeEv
FN:276,_ZNK6MorseleqES_
FN:284,_ZNK6MorseleqEi
FN:289,_ZNK6Morsel5asIntEv
FN:300,_ZN6MorselanERKS_
FN:310,_ZN6MorselanEi
FN:315,_ZN6MorselorERKS_
FN:325,_ZN6MorseloRERKS_
FN:332,_ZN6MorselcoEv
FN:338,_ZNK6MorseleoERKS_
FN:348,_ZN6MorsellsERKS_
FN:363,_ZN6MorsellsEi
FN:369,_ZN6MorselrsEi
FN:375,_ZN6MorselrsERKS_
FN:386,_ZN6MorselmlERKS_
FN:398,_ZmljRK6Morsel
FN:403,_ZN6MorsellSEm
FN:408,_ZN6MorselneERKS_
FN:412,_ZN6MorselneEy
FN:417,_ZNK6Morsel7asFloatEv
FN:445,_ZN6Morsel6asCharEv
FN:450,_ZN6Morsel6resizeEj
FNDA:4289,_ZNK6Morsel4sizeEv
FNDA:1523,_ZN6MorselC2EN5boost14dynamic_bitsetImSaImEEE
FNDA:1,_ZN6MorselleEi
FNDA:57,_ZNK6MorselltES_
FNDA:22,_ZN6MorseldvERKS_
FNDA:1,_ZN6MorselneERKS_
FNDA:1,_ZN6MorselgeERKS_
FNDA:1,_ZmiiRK6Morsel
FNDA:174,_ZN6MorsellsERKS_
FNDA:3640,_ZN6MorselaSEy
FNDA:7945,_ZN6MorselC2ERKS_
FNDA:2113,_ZN6MorselC2Ey
FNDA:695,_ZN6MorselplEi
FNDA:1020,_ZNK6MorseleqEi
FNDA:1,_ZleiRK6Morsel
FNDA:1,_ZNK6Morsel5asIntEv
FNDA:10,_ZN6Morsel6resizeEj
FNDA:309,_ZN6MorselanERKS_
FNDA:12,_ZN6MorselleERKS_
FNDA:6,_ZN6MorselneEy
FNDA:1433,_ZNK6MorseleqES_
FNDA:319,_ZN6MorselorERKS_
FNDA:14451,_ZN6MorselD2Ev
FNDA:11,_ZN6MorselrmERKS_
FNDA:1,_ZN6MorselgtEi
FNDA:16,_ZNK6Morsel8asStringB5cxx11Ev
FNDA:2858,_ZN6MorselaSERKS_
FNDA:148,_ZN6MorsellSEm
FNDA:1,_ZN6MorseloRERKS_
FNDA:685,_ZN6MorselmiERKS_
FNDA:2,_ZlsRSoRK6Morsel
FNDA:1,_Zgti6Morsel
FNDA:1,_ZNK6MorseleoERKS_
FNDA:1523,_ZN6MorselplERKS_
FNDA:42,_ZN6MorselgtES_
FNDA:312,_ZN6MorselrsEi
FNDA:2,_ZN6MorselltEi
FNDA:313,_ZN6MorselrsERKS_
FNDA:308,_ZN6MorselanEi
FNDA:1,_ZN6MorselcoEv
FNDA:1,_ZN6MorselmIERKS_
FNDA:1,_ZmljRK6Morsel
FNDA:1,_ZN6Morsel5countEv
FNDA:1,_ZNK6Morsel7asFloatEv
FNDA:1,_ZN6MorselppEi
FNDA:174,_ZN6MorsellsEi
FNDA:33,_ZN6MorselmlERKS_
FNDA:2870,_ZN6MorselC2Ev
FNDA:52,_ZN6Morsel6asCharEv
FNF:49
FNH:49
DA:10,22396
DA:15,2870
DA:16,1
DA:18,1
DA:20,1523
DA:21,1523
DA:22,1523
DA:23,1523
DA:24,2113
DA:25,2113
DA:26,2113
DA:27,2113
DA:28,1523
DA:30,3046
DA:33,3561
DA:34,2038
DA:35,2038
DA:36,2038
DA:37,2038
DA:39,1641
DA:40,59
DA:41,59
DA:42,59
DA:43,59
DA:45,2537
DA:46,507
DA:47,507
DA:48,507
DA:49,507
DA:51,1523
DA:52,716
DA:54,3046
DA:56,695
DA:58,1390
DA:59,1390
DA:61,685
DA:63,1370
DA:64,1370
DA:65,685
DA:66,205
DA:67,685
DA:68,1
DA:69,685
DA:70,685
DA:71,685
DA:72,685
DA:73,685
DA:74,1370
DA:76,1
DA:78,2
DA:79,2
DA:81,1
DA:83,1
DA:84,1
DA:86,1
DA:88,1
DA:89,1
DA:91,3640
DA:93,3640
DA:94,3640
DA:95,2040
DA:97,5680
DA:98,5680
DA:99,5680
DA:100,5680
DA:101,3640
DA:102,3640
DA:103,3640
DA:105,2858
DA:107,2858
DA:108,2858
DA:110,16
DA:112,32
DA:113,32
DA:114,16
DA:115,163
DA:117,147
DA:118,147
DA:119,147
DA:121,16
DA:122,42
DA:124,13
DA:125,13
DA:126,13
DA:128,32
DA:129,16
DA:131,36
DA:133,40
DA:135,180
DA:137,160
DA:138,160
DA:140,20
DA:141,20
DA:143,32
DA:145,2
DA:147,2
DA:148,2
DA:150,57
DA:152,57
DA:153,57
DA:154,73
DA:156,27
DA:158,19
DA:161,38
DA:163,10
DA:165,10
DA:168,94
DA:170,61
DA:172,28
DA:174,21
DA:176,7
DA:180,0
DA:182,2
DA:184,4
DA:185,2
DA:186,4
DA:188,12
DA:190,12
DA:192,1
DA:194,1
DA:196,1
DA:198,2
DA:199,2
DA:201,1
DA:203,2
DA:204,1
DA:205,2
DA:207,1
DA:209,2
DA:210,1
DA:211,2
DA:213,42
DA:215,42
DA:217,1
DA:219,1
DA:221,22
DA:223,44
DA:224,44
DA:225,44
DA:226,44
DA:227,44
DA:229,22
DA:230,10
DA:231,10
DA:233,24
DA:235,8
DA:236,8
DA:238,8
DA:241,12
DA:243,10
DA:246,10
DA:247,10
DA:249,10
DA:251,2
DA:264,11
DA:266,22
DA:267,22
DA:268,11
DA:269,11
DA:270,22
DA:272,4289
DA:274,4289
DA:276,1433
DA:278,2866
DA:279,2866
DA:280,1433
DA:281,1433
DA:282,2866
DA:284,1020
DA:285,2040
DA:286,1020
DA:287,2040
DA:289,1
DA:291,2
DA:292,1
DA:293,11
DA:295,5
DA:296,5
DA:298,2
DA:300,309
DA:302,618
DA:303,618
DA:304,309
DA:305,309
DA:306,309
DA:307,309
DA:308,618
DA:310,308
DA:312,616
DA:313,616
DA:315,319
DA:317,638
DA:318,638
DA:319,319
DA:320,319
DA:321,319
DA:322,319
DA:323,638
DA:325,1
DA:327,2
DA:328,1
DA:329,1
DA:330,2
DA:332,1
DA:334,1
DA:335,1
DA:336,1
DA:338,1
DA:340,2
DA:341,2
DA:342,1
DA:343,1
DA:344,1
DA:345,1
DA:346,2
DA:348,174
DA:351,174
DA:352,1
DA:354,174
DA:355,348
DA:356,544
DA:358,185
DA:359,185
DA:361,348
DA:363,174
DA:365,348
DA:366,174
DA:367,348
DA:369,312
DA:371,624
DA:372,312
DA:373,624
DA:375,313
DA:377,313
DA:378,626
DA:379,1007
DA:381,347
DA:382,347
DA:384,626
DA:386,33
DA:388,33
DA:389,66
DA:390,66
DA:391,295
DA:393,131
DA:394,131
DA:396,66
DA:398,1
DA:400,2
DA:401,2
DA:403,148
DA:405,148
DA:406,148
DA:408,1
DA:410,1
DA:412,6
DA:414,12
DA:415,12
DA:417,1
DA:419,2
DA:426,1
DA:428,1
DA:429,9
DA:431,4
DA:432,4
DA:433,4
DA:434,4
DA:436,9
DA:438,4
DA:439,4
DA:440,4
DA:441,4
DA:443,2
DA:445,52
DA:447,52
DA:448,52
DA:450,10
DA:452,10
DA:453,10
LF:279
LH:278
end_of_record
TN:
SF:/home/jordan/tmp/cpusim/src/model/loader/Loader.cpp
FN:9,_ZN6Loader5quoteEhh
FN:16,_ZN6Loader3locEhh
FN:36,_ZN6Loader4skipEhh
FN:47,_ZN6Loader4fixoER3cpuhh
FN:68,_ZN6Loader4fixrER3cpuhh
FN:86,_ZN6Loader5fixrxER3cpuhh
FN:111,_ZN6Loader4fileEh
FN:122,_ZN6Loader4lineEv
FN:128,_ZN6Loader4specER3cpu
FN:148,_ZN6Loader3preEh
FN:180,_ZN6Loader4postER3cpuh
FN:210,_ZN6Loader4stabEhh
FN:217,_ZN6Loader3endEv
FN:223,_ZN6Loader7setfileENSt7__cxx1112basic_stringIcSt11char_traitsIcESaIcEEE
FN:234,_ZN6Loader10loadobjectER3cpuNSt7__cxx1112basic_stringIcSt11char_traitsIcESaIcEEE
FN:269,_ZN6Loader4stepER3cpuhhhh
FN:355,_GLOBAL__sub_I__ZN6Loader5quoteEhh
FN:355,_Z41__static_initialization_and_destruction_0ii
FNDA:1,_ZN6Loader4fixrER3cpuhh
FNDA:1,_ZN6Loader4specER3cpu
FNDA:3,_ZN6Loader4postER3cpuh
FNDA:6,_ZN6Loader3locEhh
FNDA:3,_Z41__static_initialization_and_destruction_0ii
FNDA:5,_ZN6Loader4lineEv
FNDA:3,_ZN6Loader3preEh
FNDA:1,_ZN6Loader4fixoER3cpuhh
FNDA:2,_ZN6Loader3endEv
FNDA:2,_ZN6Loader5fixrxER3cpuhh
FNDA:2,_ZN6Loader5quoteEhh
FNDA:3,_ZN6Loader7setfileENSt7__cxx1112basic_stringIcSt11char_traitsIcESaIcEEE
FNDA:3,_GLOBAL__sub_I__ZN6Loader5quoteEhh
FNDA:63,_ZN6Loader4stepER3cpuhhhh
FNDA:2,_ZN6Loader4stabEhh
FNDA:2,_ZN6Loader4skipEhh
FNDA:3,_ZN6Loader4fileEh
FNDA:2,_ZN6Loader10loadobjectER3cpuNSt7__cxx1112basic_stringIcSt11char_traitsIcESaIcEEE
FNF:18
FNH:18
DA:9,2
DA:11,2
DA:12,2
DA:13,2
DA:16,6
DA:19,12
DA:20,12
DA:23,38
DA:25,32
DA:31,6
DA:33,6
DA:36,2
DA:38,4
DA:43,2
DA:44,2
DA:47,1
DA:50,2
DA:51,1
DA:52,1
DA:53,0
DA:54,0
DA:56,1
DA:57,1
DA:58,1
DA:60,2
DA:61,9
DA:62,8
DA:63,8
DA:65,1
DA:68,1
DA:71,2
DA:72,1
DA:73,1
DA:74,2
DA:75,1
DA:76,1
DA:77,2
DA:78,3
DA:79,2
DA:80,2
DA:82,1
DA:83,1
DA:86,2
DA:88,4
DA:90,2
DA:91,18
DA:93,8
DA:94,8
DA:95,8
DA:97,2
DA:98,4
DA:99,2
DA:100,2
DA:101,2
DA:102,2
DA:103,2
DA:108,2
DA:111,10
DA:115,17
DA:116,7
DA:117,7
DA:122,5
DA:125,5
DA:128,3
DA:133,3
DA:137,1
DA:138,1
DA:139,1
DA:140,1
DA:141,1
DA:143,1
DA:145,1
DA:148,3
DA:155,3
DA:156,3
DA:157,3
DA:158,3
DA:159,3
DA:161,3
DA:162,0
DA:163,0
DA:180,3
DA:186,6
DA:187,3
DA:188,17
DA:190,14
DA:191,14
DA:195,14
DA:196,14
DA:197,14
DA:198,14
DA:199,28
DA:200,14
DA:201,14
DA:202,28
DA:203,28
DA:205,14
DA:207,3
DA:210,2
DA:212,2
DA:213,2
DA:214,2
DA:217,2
DA:219,2
DA:220,2
DA:223,3
DA:225,3
DA:226,3
DA:228,1
DA:229,1
DA:234,2
DA:236,2
DA:241,126
DA:257,62
DA:258,62
DA:259,62
DA:260,62
DA:261,62
DA:264,2
DA:265,2
DA:269,63
DA:285,91
DA:287,28
DA:289,1
DA:290,1
DA:291,1
DA:293,6
DA:294,6
DA:295,6
DA:297,1
DA:298,1
DA:299,1
DA:301,1
DA:302,1
DA:303,1
DA:305,1
DA:306,1
DA:307,1
DA:309,1
DA:310,1
DA:311,1
DA:313,3
DA:314,3
DA:315,3
DA:317,5
DA:318,5
DA:319,5
DA:321,1
DA:322,1
DA:323,1
DA:325,2
DA:326,2
DA:327,2
DA:329,2
DA:330,2
DA:331,2
DA:333,2
DA:334,2
DA:335,2
DA:337,2
DA:338,2
DA:339,2
DA:341,0
DA:342,0
DA:343,0
DA:346,35
DA:347,17
DA:348,17
DA:349,17
DA:350,17
DA:351,17
DA:352,17
DA:355,9
LF:173
LH:166
end_of_record
TN:
SF:/home/jordan/tmp/cpusim/src/model/loader/Loader.h
FN:1,_ZN6LoaderD2Ev
FN:20,_ZN6LoaderC2Ev
FNDA:15,_ZN6LoaderC2Ev
FNDA:13,_ZN6LoaderD2Ev
FNF:2
FNH:2
DA:1,13
DA:20,15
LF:2
LH:2
end_of_record
TN:
SF:/home/jordan/tmp/cpusim/src/model/mmix/mmix.cpp
FN:6,_ZN4mmixC2Ej7Address
FN:11,_ZN4mmix1NEddjf
FN:17,_ZN4mmix8wideMultE14UnsignedMorselS0_PS0_S1_
FN:48,_ZN4mmix7wideDivE14UnsignedMorselS0_S0_PS0_S1_
FN:108,_ZN4mmix1MEj7Address
FN:135,_ZN4mmix1MEj7Address14UnsignedMorsel
FN:198,_ZN4mmix1RE7Address
FN:203,_ZN4mmix1RE7Address14UnsignedMorsel
FN:211,_ZN4mmix1gE7Address14UnsignedMorsel
FN:218,_ZN4mmix1gE7Address
FN:223,_ZN4mmix4pushE14UnsignedMorsel
FN:232,_ZN4mmix3popE14UnsignedMorsel
FN:241,_ZN4mmix4stepEj
FN:525,_ZN4mmix4ldtuEv
FN:537,_ZN4mmix5ldtuiEv
FN:546,_ZN4mmix3ldoEv
FN:565,_ZN4mmix4ldoiEv
FN:584,_ZN4mmix4ldouEv
FN:603,_ZN4mmix5ldouiEv
FN:622,_ZN4mmix4ldhtEv
FN:641,_ZN4mmix5ldhtiEv
FN:660,_ZN4mmix3stbEv
FN:679,_ZN4mmix4stbiEv
FN:698,_ZN4mmix3stwEv
FN:717,_ZN4mmix4stwiEv
FN:736,_ZN4mmix3sttEv
FN:755,_ZN4mmix4sttiEv
FN:774,_ZN4mmix3stoEv
FN:793,_ZN4mmix4stoiEv
FN:812,_ZN4mmix4stbuEv
FN:831,_ZN4mmix5stbuiEv
FN:850,_ZN4mmix4stwuEv
FN:869,_ZN4mmix5stwuiEv
FN:888,_ZN4mmix4sttuEv
FN:907,_ZN4mmix5sttuiEv
FN:926,_ZN4mmix4stouEv
FN:945,_ZN4mmix5stouiEv
FN:964,_ZN4mmix4sthtEv
FN:983,_ZN4mmix5sthtiEv
FN:1002,_ZN4mmix4stcoEv
FN:1021,_ZN4mmix5stcoiEv
FN:1040,_ZN4mmix3addEv
FN:1059,_ZN4mmix4addiEv
FN:1078,_ZN4mmix3subEv
FN:1097,_ZN4mmix4subiEv
FN:1116,_ZN4mmix3mulEv
FN:1135,_ZN4mmix4muliEv
FN:1154,_ZN4mmix3divEv
FN:1176,_ZN4mmix4diviEv
FN:1198,_ZN4mmix4adduEv
FN:1217,_ZN4mmix5adduiEv
FN:1229,_ZN4mmix4subuEv
FN:1248,_ZN4mmix5subuiEv
FN:1267,_ZN4mmix4muluEv
FN:1293,_ZN4mmix5muluiEv
FN:1319,_ZN4mmix4divuEv
FN:1359,_ZN4mmix5divuiEv
FN:1399,_ZN4mmix6i2adduEv
FN:1418,_ZN4mmix7i2adduiEv
FN:1437,_ZN4mmix6i4adduEv
FN:1456,_ZN4mmix7i4adduiEv
FN:1475,_ZN4mmix6i8adduEv
FN:1494,_ZN4mmix7i8adduiEv
FN:1513,_ZN4mmix7i16adduEv
FN:1532,_ZN4mmix8i16adduiEv
FN:1551,_ZN4mmix3negEv
FN:1570,_ZN4mmix4negiEv
FN:1589,_ZN4mmix4neguEv
FN:1608,_ZN4mmix5neguiEv
FN:1627,_ZN4mmix2slEv
FN:1646,_ZN4mmix3sliEv
FN:1665,_ZN4mmix3sluEv
FN:1684,_ZN4mmix4sluiEv
FN:1703,_ZN4mmix2srEv
FN:1722,_ZN4mmix3sriEv
FN:1741,_ZN4mmix3sruEv
FN:1760,_ZN4mmix4sruiEv
FN:1779,_ZN4mmix3cmpEv
FN:1798,_ZN4mmix4cmpiEv
FN:1818,_ZN4mmix4cmpuEv
FN:1837,_ZN4mmix5cmpuiEv
FN:1856,_ZN4mmix3csnEv
FN:1875,_ZN4mmix4csniEv
FN:1894,_ZN4mmix3cszEv
FN:1913,_ZN4mmix4csziEv
FN:1932,_ZN4mmix3cspEv
FN:1951,_ZN4mmix4cspiEv
FN:1970,_ZN4mmix4csodEv
FN:1989,_ZN4mmix5csodiEv
FN:2008,_ZN4mmix4csnnEv
FN:2027,_ZN4mmix5csnniEv
FN:2046,_ZN4mmix4csnzEv
FN:2065,_ZN4mmix5csnziEv
FN:2084,_ZN4mmix4csnpEv
FN:2103,_ZN4mmix5csnpiEv
FN:2122,_ZN4mmix4csevEv
FN:2141,_ZN4mmix5cseviEv
FN:2160,_ZN4mmix3zsnEv
FN:2179,_ZN4mmix4zsniEv
FN:2198,_ZN4mmix3zszEv
FN:2217,_ZN4mmix4zsziEv
FN:2236,_ZN4mmix3zspEv
FN:2255,_ZN4mmix4zspiEv
FN:2274,_ZN4mmix4zsodEv
FN:2293,_ZN4mmix5zsodiEv
FN:2312,_ZN4mmix4zsnnEv
FN:2331,_ZN4mmix5zsnniEv
FN:2350,_ZN4mmix4zsnzEv
FN:2368,_ZN4mmix5zsnziEv
FN:2387,_ZN4mmix4zsnpEv
FN:2406,_ZN4mmix5zsnpiEv
FN:2425,_ZN4mmix4zsevEv
FN:2444,_ZN4mmix5zseviEv
FN:2463,_ZN4mmix10opcode_ANDEv
FN:2482,_ZN4mmix4andiEv
FN:2501,_ZN4mmix9opcode_OREv
FN:2520,_ZN4mmix3oriEv
FN:2539,_ZN4mmix10opcode_xorEv
FN:2558,_ZN4mmix4xoriEv
FN:2577,_ZN4mmix4andnEv
FN:2596,_ZN4mmix5andniEv
FN:2615,_ZN4mmix3ornEv
FN:2634,_ZN4mmix4orniEv
FN:2653,_ZN4mmix4nandEv
FN:2672,_ZN4mmix5nandiEv
FN:2691,_ZN4mmix3norEv
FN:2710,_ZN4mmix4noriEv
FN:2729,_ZN4mmix4nxorEv
FN:2748,_ZN4mmix5nxoriEv
FN:2767,_ZN4mmix3muxEv
FN:2786,_ZN4mmix4muxiEv
FN:2805,_ZN4mmix4saddEv
FN:2826,_ZN4mmix5saddiEv
FN:2847,_ZN4mmix4bdifEv
FN:2883,_ZN4mmix5bdifiEv
FN:2924,_ZN4mmix4wdifEv
FN:2952,_ZN4mmix5wdifiEv
FN:2981,_ZN4mmix4tdifEv
FN:3003,_ZN4mmix5tdifiEv
FN:3028,_ZN4mmix4ofifEv
FN:3049,_ZN4mmix5odifiEv
FN:3071,_ZN4mmix4odifEv
FN:3075,_ZN4mmix3morEv
FN:3103,_ZN4mmix4moriEv
FN:3132,_ZN4mmix4mxorEv
FN:3161,_ZN4mmix5mxoriEv
FN:3190,_ZN4mmix4faddEv
FN:3213,_ZN4mmix4fsubEv
FN:3235,_ZN4mmix4fmulEv
FN:3257,_ZN4mmix4fdivEv
FN:3279,_ZN4mmix4fremEv
FN:3302,_ZN4mmix5fsqrtEv
FN:3324,_ZN4mmix4fintEv
FN:3343,_ZN4mmix4fcmpEv
FN:3363,_ZN4mmix4feqlEv
FN:3382,_ZN4mmix3funEv
FN:3400,_ZN4mmix5fcmpeEv
FN:3422,_ZN4mmix5feqleEv
FN:3443,_ZN4mmix4funeEv
FN:3461,_ZN4mmix3fixEv
FN:3479,_ZN4mmix4fixuEv
FN:3497,_ZN4mmix4flotEv
FN:3515,_ZN4mmix5flotuEv
FN:3533,_ZN4mmix6flotuiEv
FN:3551,_ZN4mmix5sflotEv
FN:3569,_ZN4mmix6sflotiEv
FN:3587,_ZN4mmix6sflotuEv
FN:3605,_ZN4mmix7sflotuiEv
FN:3623,_ZN4mmix4ldsfEv
FN:3642,_ZN4mmix5ldsfiEv
FN:3660,_ZN4mmix4stsfEv
FN:3682,_ZN4mmix5stsfiEv
FN:3700,_ZN4mmix5flotiEv
FN:3718,_ZN4mmix4sethEv
FN:3740,_ZN4mmix5setmhEv
FN:3761,_ZN4mmix5setmlEv
FN:3781,_ZN4mmix4setlEv
FN:3802,_ZN4mmix4inchEv
FN:3823,_ZN4mmix5incmhEv
FN:3844,_ZN4mmix5incmlEv
FN:3865,_ZN4mmix4inclEv
FN:3885,_ZN4mmix3orhEv
FN:3905,_ZN4mmix4ormhEv
FN:3925,_ZN4mmix4ormlEv
FN:3945,_ZN4mmix3orlEv
FN:3965,_ZN4mmix5andnhEv
FN:3985,_ZN4mmix6andnmhEv
FN:4005,_ZN4mmix6andnmlEv
FN:4025,_ZN4mmix5andnlEv
FN:4045,_ZN4mmix2goEv
FN:4065,_ZN4mmix2bnEv
FN:4084,_ZN4mmix2bzEv
FN:4103,_ZN4mmix2bpEv
FN:4122,_ZN4mmix3bodEv
FN:4141,_ZN4mmix3bnnEv
FN:4160,_ZN4mmix3bnzEv
FN:4179,_ZN4mmix3bnpEv
FN:4198,_ZN4mmix3bevEv
FN:4217,_ZN4mmix3pbnEv
FN:4236,_ZN4mmix3pbzEv
FN:4255,_ZN4mmix3pbpEv
FN:4274,_ZN4mmix4pbodEv
FN:4293,_ZN4mmix4pbnnEv
FN:4312,_ZN4mmix4pbnzEv
FN:4331,_ZN4mmix4pbnpEv
FN:4350,_ZN4mmix4pbevEv
FN:4369,_ZN4mmix4jmpbEv
FN:4389,_ZN4mmix3bnbEv
FN:4409,_ZN4mmix3bzbEv
FN:4429,_ZN4mmix3bpbEv
FN:4449,_ZN4mmix4bodbEv
FN:4469,_ZN4mmix4bnnbEv
FN:4489,_ZN4mmix4bnzbEv
FN:4509,_ZN4mmix4bnpbEv
FN:4529,_ZN4mmix4bevbEv
FN:4549,_ZN4mmix4pbnbEv
FN:4569,_ZN4mmix4pbzbEv
FN:4589,_ZN4mmix4pbpbEv
FN:4609,_ZN4mmix5pbodbEv
FN:4629,_ZN4mmix5pbnnbEv
FN:4649,_ZN4mmix5pbnzbEv
FN:4669,_ZN4mmix5pbnpbEv
FN:4689,_ZN4mmix5pbevbEv
FN:4709,_ZN4mmix5pushjEv
FN:4730,_ZN4mmix6pushjbEv
FN:4751,_ZN4mmix6pushgoEv
FN:4772,_ZN4mmix3popEv
FN:4791,_ZN4mmix4saveEv
FN:4809,_ZN4mmix6unsaveEv
FN:4828,_ZN4mmix5lduncEv
FN:4846,_ZN4mmix5stuncEv
FN:4864,_ZN4mmix6ldunciEv
FN:4883,_ZN4mmix5cswapEv
FN:4908,_ZN4mmix6cswapiEv
FN:4912,_ZN4mmix5preldEv
FN:4916,_ZN4mmix6preldiEv
FN:4920,_ZN4mmix5pregoEv
FN:4924,_ZN4mmix6pregoiEv
FN:4928,_ZN4mmix3goiEv
FN:4932,_ZN4mmix6stunciEv
FN:4949,_ZN4mmix5syncdEv
FN:4953,_ZN4mmix6syncdiEv
FN:4957,_ZN4mmix6syncidEv
FN:4961,_ZN4mmix5prestEv
FN:4965,_ZN4mmix6prestiEv
FN:4969,_ZN4mmix7syncidiEv
FN:4973,_ZN4mmix7pushgoiEv
FN:4977,_ZN4mmix4tripEv
FN:4981,_ZN4mmix4trapEv
FN:5030,_ZN4mmix6resumeEv
FN:5034,_ZN4mmix3getEv
FN:5052,_ZN4mmix3putEv
FN:5070,_ZN4mmix4putiEv
FN:5088,_ZN4mmix4getaEv
FN:5107,_ZN4mmix5getabEv
FN:5127,_ZN4mmix3jmpEv
FN:5148,_ZN4mmix3ldbEv
FN:5161,_ZN4mmix4ldbiEv
FN:5174,_ZN4mmix4ldbuEv
FN:5188,_ZN4mmix5ldbuiEv
FN:5206,_ZN4mmix3ldwEv
FN:5225,_ZN4mmix4ldwiEv
FN:5243,_ZN4mmix4ldwuEv
FN:5262,_ZN4mmix5ldwuiEv
FN:5280,_ZN4mmix3ldtEv
FN:5299,_ZN4mmix4ldtiEv
FN:5308,_ZN4mmix4swymEv
FN:5313,_ZN4mmix5ldvtsEv
FN:5318,_ZN4mmix6ldvtsiEv
FN:5322,_ZN4mmix4syncEv
FN:5325,_Z41__static_initialization_and_destruction_0ii
FN:5325,_GLOBAL__sub_I__ZN4mmixC2Ej7Address
FNDA:0,_ZN4mmix6resumeEv
FNDA:0,_ZN4mmix3popE14UnsignedMorsel
FNDA:0,_ZN4mmix3pbzEv
FNDA:0,_ZN4mmix4odifEv
FNDA:0,_ZN4mmix1RE7Address
FNDA:0,_ZN4mmix4tdifEv
FNDA:0,_ZN4mmix3mulEv
FNDA:0,_ZN4mmix4swymEv
FNDA:0,_ZN4mmix4feqlEv
FNDA:0,_ZN4mmix4pbodEv
FNDA:0,_ZN4mmix6cswapiEv
FNDA:0,_ZN4mmix5pbnpbEv
FNDA:0,_ZN4mmix4pushE14UnsignedMorsel
FNDA:0,_ZN4mmix3morEv
FNDA:0,_ZN4mmix4muxiEv
FNDA:0,_ZN4mmix3ornEv
FNDA:0,_ZN4mmix1gE7Address14UnsignedMorsel
FNDA:0,_ZN4mmix4ldbuEv
FNDA:0,_ZN4mmix6andnmlEv
FNDA:0,_ZN4mmix4diviEv
FNDA:0,_ZN4mmix4addiEv
FNDA:0,_ZN4mmix5andniEv
FNDA:0,_ZN4mmix4moriEv
FNDA:0,_ZN4mmix4cmpiEv
FNDA:0,_ZN4mmix4funeEv
FNDA:0,_ZN4mmix4stbiEv
FNDA:0,_ZN4mmix4stbuEv
FNDA:0,_ZN4mmix5divuiEv
FNDA:0,_ZN4mmix1MEj7Address14UnsignedMorsel
FNDA:0,_ZN4mmix3fixEv
FNDA:0,_ZN4mmix3divEv
FNDA:0,_ZN4mmix6sflotiEv
FNDA:0,_ZN4mmix6i8adduEv
FNDA:0,_ZN4mmix4stsfEv
FNDA:0,_ZN4mmix4mxorEv
FNDA:0,_ZN4mmix5sthtiEv
FNDA:0,_ZN4mmix3bevEv
FNDA:0,_ZN4mmix5andnhEv
FNDA:0,_ZN4mmix3bpbEv
FNDA:0,_ZN4mmix1NEddjf
FNDA:0,_ZN4mmix5csodiEv
FNDA:0,_ZN4mmix5cseviEv
FNDA:0,_ZN4mmix5ldouiEv
FNDA:0,_ZN4mmix3zsnEv
FNDA:0,_ZN4mmix5incmhEv
FNDA:0,_ZN4mmix5fsqrtEv
FNDA:0,_ZN4mmix5zseviEv
FNDA:0,_ZN4mmix3funEv
FNDA:0,_ZN4mmix3ldoEv
FNDA:0,_ZN4mmix4csnpEv
FNDA:0,_ZN4mmix4csniEv
FNDA:0,_ZN4mmix5ldhtiEv
FNDA:0,_ZN4mmix6i2adduEv
FNDA:0,_ZN4mmix4muluEv
FNDA:0,_ZN4mmix4fsubEv
FNDA:0,_ZN4mmix4pbnbEv
FNDA:0,_ZN4mmix6prestiEv
FNDA:0,_ZN4mmix4zsnnEv
FNDA:0,_ZN4mmix5prestEv
FNDA:0,_ZN4mmix3sluEv
FNDA:0,_ZN4mmix6i4adduEv
FNDA:0,_ZN4mmix5csnziEv
FNDA:0,_ZN4mmix3cszEv
FNDA:0,_ZN4mmix3zspEv
FNDA:0,_ZN4mmix5muluiEv
FNDA:0,_ZN4mmix5ldwuiEv
FNDA:0,_ZN4mmix5ldvtsEv
FNDA:0,_ZN4mmix5preldEv
FNDA:0,_ZN4mmix4bnzbEv
FNDA:0,_ZN4mmix5sttuiEv
FNDA:0,_ZN4mmix5stsfiEv
FNDA:0,_ZN4mmix6unsaveEv
FNDA:0,_ZN4mmix4saveEv
FNDA:0,_ZN4mmix4stcoEv
FNDA:0,_ZN4mmix4stepEj
FNDA:0,_ZN4mmix4setlEv
FNDA:0,_ZN4mmix7syncidiEv
FNDA:0,_ZN4mmix3jmpEv
FNDA:0,_ZN4mmix4zsevEv
FNDA:0,_ZN4mmix4bevbEv
FNDA:0,_ZN4mmix7i4adduiEv
FNDA:0,_ZN4mmix6pushgoEv
FNDA:0,_ZN4mmix2slEv
FNDA:0,_ZN4mmix5pbodbEv
FNDA:0,_ZN4mmix5flotiEv
FNDA:0,_ZN4mmix4sthtEv
FNDA:3,_GLOBAL__sub_I__ZN4mmixC2Ej7Address
FNDA:0,_ZN4mmix4stwiEv
FNDA:0,_ZN4mmix2goEv
FNDA:0,_ZN4mmix4pbnnEv
FNDA:0,_ZN4mmix3bodEv
FNDA:0,_ZN4mmix5neguiEv
FNDA:0,_ZN4mmix2srEv
FNDA:0,_ZN4mmix4ldtuEv
FNDA:0,_ZN4mmix4bodbEv
FNDA:0,_ZN4mmix4stouEv
FNDA:0,_ZN4mmix4pbevEv
FNDA:0,_ZN4mmix4csziEv
FNDA:0,_ZN4mmix3bnpEv
FNDA:0,_ZN4mmix3bnbEv
FNDA:0,_ZN4mmix4bnnbEv
FNDA:0,_ZN4mmix5pushjEv
FNDA:0,_ZN4mmix3popEv
FNDA:0,_ZN4mmix5adduiEv
FNDA:0,_ZN4mmix4stwuEv
FNDA:0,_ZN4mmix5ldbuiEv
FNDA:0,_ZN4mmix5pbnnbEv
FNDA:0,_ZN4mmix9opcode_OREv
FNDA:0,_ZN4mmix4bnpbEv
FNDA:0,_ZN4mmix5pbnzbEv
FNDA:0,_ZN4mmix4csnzEv
FNDA:0,_ZN4mmix4zsziEv
FNDA:0,_ZN4mmix4getaEv
FNDA:0,_ZN4mmix4subiEv
FNDA:0,_ZN4mmix6stunciEv
FNDA:0,_ZN4mmix5zsodiEv
FNDA:0,_ZN4mmix6ldvtsiEv
FNDA:0,_ZN4mmix3cspEv
FNDA:0,_ZN4mmix4tripEv
FNDA:0,_ZN4mmix4subuEv
FNDA:0,_ZN4mmix4zsnzEv
FNDA:0,_ZN4mmix4ldtiEv
FNDA:0,_ZN4mmix1MEj7Address
FNDA:0,_ZN4mmix4pbpbEv
FNDA:0,_ZN4mmix4pbnzEv
FNDA:0,_ZN4mmix4ormhEv
FNDA:0,_ZN4mmix5stouiEv
FNDA:3,_Z41__static_initialization_and_destruction_0ii
FNDA:0,_ZN4mmix6preldiEv
FNDA:0,_ZN4mmix4nandEv
FNDA:0,_ZN4mmix3bnnEv
FNDA:0,_ZN4mmix4sluiEv
FNDA:0,_ZN4mmix3sriEv
FNDA:0,_ZN4mmix4ldbiEv
FNDA:0,_ZN4mmix3subEv
FNDA:0,_ZN4mmix2bpEv
FNDA:0,_ZN4mmix5ldsfiEv
FNDA:0,_ZN4mmix4sttiEv
FNDA:0,_ZN4mmix4fmulEv
FNDA:0,_ZN4mmix3ldwEv
FNDA:0,_ZN4mmix4faddEv
FNDA:0,_ZN4mmix3sruEv
FNDA:0,_ZN4mmix5wdifiEv
FNDA:5,_ZN4mmixC2Ej7Address
FNDA:0,_ZN4mmix3orhEv
FNDA:0,_ZN4mmix3stbEv
FNDA:0,_ZN4mmix4sethEv
FNDA:0,_ZN4mmix5odifiEv
FNDA:0,_ZN4mmix5incmlEv
FNDA:0,_ZN4mmix3stwEv
FNDA:0,_ZN4mmix6ldunciEv
FNDA:0,_ZN4mmix4wdifEv
FNDA:0,_ZN4mmix6syncidEv
FNDA:0,_ZN4mmix4pbzbEv
FNDA:0,_ZN4mmix3orlEv
FNDA:0,_ZN4mmix4sttuEv
FNDA:0,_ZN4mmix4ormlEv
FNDA:0,_ZN4mmix5nandiEv
FNDA:0,_ZN4mmix5pregoEv
FNDA:0,_ZN4mmix5flotuEv
FNDA:0,_ZN4mmix5lduncEv
FNDA:0,_ZN4mmix4cspiEv
FNDA:0,_ZN4mmix4sruiEv
FNDA:0,_ZN4mmix5setmlEv
FNDA:0,_ZN4mmix4syncEv
FNDA:0,_ZN4mmix3negEv
FNDA:0,_ZN4mmix5stwuiEv
FNDA:0,_ZN4mmix3cmpEv
FNDA:0,_ZN4mmix4zsniEv
FNDA:0,_ZN4mmix4muliEv
FNDA:0,_ZN4mmix7i16adduEv
FNDA:0,_ZN4mmix4fintEv
FNDA:0,_ZN4mmix8i16adduiEv
FNDA:0,_ZN4mmix1gE7Address
FNDA:0,_ZN4mmix5pbevbEv
FNDA:0,_ZN4mmix4ldouEv
FNDA:0,_ZN4mmix7pushgoiEv
FNDA:0,_ZN4mmix3muxEv
FNDA:0,_ZN4mmix4csodEv
FNDA:0,_ZN4mmix4putiEv
FNDA:0,_ZN4mmix3stoEv
FNDA:0,_ZN4mmix4jmpbEv
FNDA:0,_ZN4mmix4andnEv
FNDA:0,_ZN4mmix2bzEv
FNDA:0,_ZN4mmix4pbnpEv
FNDA:0,_ZN4mmix7i2adduiEv
FNDA:0,_ZN4mmix4ldsfEv
FNDA:0,_ZN4mmix4andiEv
FNDA:0,_ZN4mmix3addEv
FNDA:0,_ZN4mmix5cmpuiEv
FNDA:0,_ZN4mmix3norEv
FNDA:0,_ZN4mmix5zsnpiEv
FNDA:0,_ZN4mmix5ldtuiEv
FNDA:0,_ZN4mmix4ofifEv
FNDA:0,_ZN4mmix5stcoiEv
FNDA:0,_ZN4mmix1RE7Address14UnsignedMorsel
FNDA:0,_ZN4mmix3sttEv
FNDA:0,_ZN4mmix3oriEv
FNDA:0,_ZN4mmix5fcmpeEv
FNDA:0,_ZN4mmix8wideMultE14UnsignedMorselS0_PS0_S1_
FNDA:0,_ZN4mmix5stuncEv
FNDA:0,_ZN4mmix5bdifiEv
FNDA:0,_ZN4mmix6andnmhEv
FNDA:0,_ZN4mmix4neguEv
FNDA:0,_ZN4mmix5nxoriEv
FNDA:0,_ZN4mmix7i8adduiEv
FNDA:0,_ZN4mmix5sflotEv
FNDA:0,_ZN4mmix3pbpEv
FNDA:0,_ZN4mmix6sflotuEv
FNDA:0,_ZN4mmix4nxorEv
FNDA:0,_ZN4mmix4trapEv
FNDA:0,_ZN4mmix3bzbEv
FNDA:0,_ZN4mmix4bdifEv
FNDA:0,_ZN4mmix3sliEv
FNDA:0,_ZN4mmix4cmpuEv
FNDA:0,_ZN4mmix3csnEv
FNDA:0,_ZN4mmix3goiEv
FNDA:0,_ZN4mmix4negiEv
FNDA:0,_ZN4mmix4noriEv
FNDA:0,_ZN4mmix4ldwiEv
FNDA:0,_ZN4mmix7sflotuiEv
FNDA:0,_ZN4mmix5syncdEv
FNDA:0,_ZN4mmix3ldbEv
FNDA:0,_ZN4mmix4zsodEv
FNDA:0,_ZN4mmix5csnpiEv
FNDA:0,_ZN4mmix4saddEv
FNDA:0,_ZN4mmix6flotuiEv
FNDA:0,_ZN4mmix5cswapEv
FNDA:0,_ZN4mmix5andnlEv
FNDA:0,_ZN4mmix4ldoiEv
FNDA:0,_ZN4mmix4ldwuEv
FNDA:0,_ZN4mmix5csnniEv
FNDA:0,_ZN4mmix6pushjbEv
FNDA:0,_ZN4mmix4stoiEv
FNDA:0,_ZN4mmix10opcode_ANDEv
FNDA:0,_ZN4mmix4fdivEv
FNDA:0,_ZN4mmix3pbnEv
FNDA:0,_ZN4mmix4orniEv
FNDA:0,_ZN4mmix4ldhtEv
FNDA:0,_ZN4mmix5saddiEv
FNDA:0,_ZN4mmix4fcmpEv
FNDA:0,_ZN4mmix4inclEv
FNDA:0,_ZN4mmix3bnzEv
FNDA:0,_ZN4mmix5getabEv
FNDA:0,_ZN4mmix3ldtEv
FNDA:0,_ZN4mmix6pregoiEv
FNDA:0,_ZN4mmix4xoriEv
FNDA:0,_ZN4mmix10opcode_xorEv
FNDA:0,_ZN4mmix5feqleEv
FNDA:0,_ZN4mmix5stbuiEv
FNDA:0,_ZN4mmix5zsnziEv
FNDA:0,_ZN4mmix5setmhEv
FNDA:0,_ZN4mmix4inchEv
FNDA:0,_ZN4mmix4fixuEv
FNDA:0,_ZN4mmix4flotEv
FNDA:0,_ZN4mmix3putEv
FNDA:0,_ZN4mmix6syncdiEv
FNDA:0,_ZN4mmix7wideDivE14UnsignedMorselS0_S0_PS0_S1_
FNDA:0,_ZN4mmix5mxoriEv
FNDA:0,_ZN4mmix4adduEv
FNDA:0,_ZN4mmix5subuiEv
FNDA:0,_ZN4mmix4divuEv
FNDA:0,_ZN4mmix4csnnEv
FNDA:0,_ZN4mmix4csevEv
FNDA:0,_ZN4mmix5tdifiEv
FNDA:0,_ZN4mmix3getEv
FNDA:0,_ZN4mmix4fremEv
FNDA:0,_ZN4mmix4zsnpEv
FNDA:0,_ZN4mmix2bnEv
FNDA:0,_ZN4mmix5zsnniEv
FNDA:0,_ZN4mmix4zspiEv
FNDA:0,_ZN4mmix3zszEv
FNF:272
FNH:3
DA:6,5
DA:8,5
DA:9,5
DA:11,0
DA:13,0
DA:14,0
DA:17,0
DA:20,0
DA:33,0
DA:34,0
DA:35,0
DA:36,0
DA:37,0
DA:38,0
DA:39,0
DA:40,0
DA:41,0
DA:42,0
DA:44,0
DA:45,0
DA:46,0
DA:48,0
DA:55,0
DA:56,0
DA:57,0
DA:60,0
DA:63,0
DA:65,0
DA:66,0
DA:69,0
DA:71,0
DA:72,0
DA:73,0
DA:74,0
DA:76,0
DA:78,0
DA:80,0
DA:84,0
DA:85,0
DA:86,0
DA:87,0
DA:88,0
DA:92,0
DA:93,0
DA:94,0
DA:95,0
DA:96,0
DA:97,0
DA:98,0
DA:101,0
DA:102,0
DA:103,0
DA:108,0
DA:111,0
DA:112,0
DA:113,0
DA:116,0
DA:117,0
DA:120,0
DA:121,0
DA:123,0
DA:124,0
DA:126,0
DA:127,0
DA:128,0
DA:129,0
DA:131,0
DA:135,0
DA:137,0
DA:138,0
DA:139,0
DA:140,0
DA:141,0
DA:144,0
DA:145,0
DA:148,0
DA:149,0
DA:151,0
DA:152,0
DA:156,0
DA:158,0
DA:160,0
DA:167,0
DA:177,0
DA:195,0
DA:198,0
DA:200,0
DA:203,0
DA:205,0
DA:207,0
DA:208,0
DA:211,0
DA:213,0
DA:214,0
DA:215,0
DA:218,0
DA:220,0
DA:223,0
DA:225,0
DA:227,0
DA:228,0
DA:230,0
DA:232,0
DA:234,0
DA:236,0
DA:237,0
DA:239,0
DA:241,0
DA:245,0
DA:246,0
DA:247,0
DA:248,0
DA:249,0
DA:250,0
DA:251,0
DA:252,0
DA:253,0
DA:254,0
DA:255,0
DA:256,0
DA:257,0
DA:258,0
DA:259,0
DA:260,0
DA:261,0
DA:263,0
DA:264,0
DA:265,0
DA:266,0
DA:267,0
DA:268,0
DA:269,0
DA:270,0
DA:271,0
DA:272,0
DA:273,0
DA:274,0
DA:275,0
DA:276,0
DA:277,0
DA:278,0
DA:280,0
DA:281,0
DA:282,0
DA:283,0
DA:284,0
DA:285,0
DA:286,0
DA:287,0
DA:288,0
DA:289,0
DA:290,0
DA:291,0
DA:292,0
DA:293,0
DA:294,0
DA:295,0
DA:297,0
DA:298,0
DA:299,0
DA:300,0
DA:301,0
DA:302,0
DA:303,0
DA:304,0
DA:305,0
DA:306,0
DA:307,0
DA:308,0
DA:309,0
DA:310,0
DA:311,0
DA:312,0
DA:314,0
DA:315,0
DA:316,0
DA:317,0
DA:318,0
DA:319,0
DA:320,0
DA:321,0
DA:322,0
DA:323,0
DA:324,0
DA:325,0
DA:326,0
DA:327,0
DA:328,0
DA:329,0
DA:331,0
DA:332,0
DA:333,0
DA:334,0
DA:335,0
DA:336,0
DA:337,0
DA:338,0
DA:339,0
DA:340,0
DA:341,0
DA:342,0
DA:343,0
DA:344,0
DA:345,0
DA:346,0
DA:348,0
DA:349,0
DA:350,0
DA:351,0
DA:352,0
DA:353,0
DA:354,0
DA:355,0
DA:356,0
DA:357,0
DA:358,0
DA:359,0
DA:360,0
DA:361,0
DA:362,0
DA:363,0
DA:365,0
DA:366,0
DA:367,0
DA:368,0
DA:369,0
DA:370,0
DA:371,0
DA:372,0
DA:373,0
DA:374,0
DA:375,0
DA:376,0
DA:377,0
DA:378,0
DA:379,0
DA:380,0
DA:382,0
DA:383,0
DA:384,0
DA:385,0
DA:386,0
DA:387,0
DA:388,0
DA:389,0
DA:390,0
DA:391,0
DA:392,0
DA:393,0
DA:394,0
DA:395,0
DA:396,0
DA:397,0
DA:399,0
DA:400,0
DA:401,0
DA:402,0
DA:403,0
DA:404,0
DA:405,0
DA:406,0
DA:407,0
DA:408,0
DA:409,0
DA:410,0
DA:411,0
DA:412,0
DA:413,0
DA:414,0
DA:416,0
DA:417,0
DA:418,0
DA:419,0
DA:420,0
DA:421,0
DA:422,0
DA:423,0
DA:424,0
DA:425,0
DA:426,0
DA:427,0
DA:428,0
DA:429,0
DA:430,0
DA:431,0
DA:433,0
DA:434,0
DA:435,0
DA:436,0
DA:437,0
DA:438,0
DA:439,0
DA:440,0
DA:441,0
DA:442,0
DA:443,0
DA:444,0
DA:445,0
DA:446,0
DA:447,0
DA:448,0
DA:450,0
DA:451,0
DA:452,0
DA:453,0
DA:454,0
DA:455,0
DA:456,0
DA:457,0
DA:458,0
DA:459,0
DA:460,0
DA:461,0
DA:462,0
DA:463,0
DA:464,0
DA:465,0
DA:467,0
DA:468,0
DA:469,0
DA:470,0
DA:471,0
DA:472,0
DA:473,0
DA:474,0
DA:475,0
DA:476,0
DA:477,0
DA:478,0
DA:479,0
DA:480,0
DA:481,0
DA:482,0
DA:484,0
DA:485,0
DA:486,0
DA:487,0
DA:488,0
DA:489,0
DA:490,0
DA:491,0
DA:492,0
DA:493,0
DA:494,0
DA:495,0
DA:496,0
DA:497,0
DA:498,0
DA:499,0
DA:501,0
DA:502,0
DA:503,0
DA:504,0
DA:505,0
DA:506,0
DA:507,0
DA:508,0
DA:509,0
DA:510,0
DA:511,0
DA:512,0
DA:513,0
DA:514,0
DA:515,0
DA:516,0
DA:519,0
DA:520,0
DA:522,0
DA:523,0
DA:525,0
DA:527,0
DA:528,0
DA:529,0
DA:530,0
DA:531,0
DA:532,0
DA:534,0
DA:535,0
DA:537,0
DA:538,0
DA:539,0
DA:540,0
DA:541,0
DA:543,0
DA:544,0
DA:546,0
DA:547,0
DA:548,0
DA:549,0
DA:550,0
DA:551,0
DA:552,0
DA:553,0
DA:554,0
DA:555,0
DA:556,0
DA:557,0
DA:558,0
DA:559,0
DA:560,0
DA:562,0
DA:563,0
DA:565,0
DA:566,0
DA:567,0
DA:568,0
DA:569,0
DA:570,0
DA:571,0
DA:572,0
DA:573,0
DA:574,0
DA:575,0
DA:576,0
DA:577,0
DA:578,0
DA:579,0
DA:581,0
DA:582,0
DA:584,0
DA:585,0
DA:586,0
DA:587,0
DA:588,0
DA:589,0
DA:590,0
DA:591,0
DA:592,0
DA:593,0
DA:594,0
DA:595,0
DA:596,0
DA:597,0
DA:598,0
DA:600,0
DA:601,0
DA:603,0
DA:604,0
DA:605,0
DA:606,0
DA:607,0
DA:608,0
DA:609,0
DA:610,0
DA:611,0
DA:612,0
DA:613,0
DA:614,0
DA:615,0
DA:616,0
DA:617,0
DA:619,0
DA:620,0
DA:622,0
DA:623,0
DA:624,0
DA:625,0
DA:626,0
DA:627,0
DA:628,0
DA:629,0
DA:630,0
DA:631,0
DA:632,0
DA:633,0
DA:634,0
DA:635,0
DA:636,0
DA:638,0
DA:639,0
DA:641,0
DA:642,0
DA:643,0
DA:644,0
DA:645,0
DA:646,0
DA:647,0
DA:648,0
DA:649,0
DA:650,0
DA:651,0
DA:652,0
DA:653,0
DA:654,0
DA:655,0
DA:657,0
DA:658,0
DA:660,0
DA:661,0
DA:662,0
DA:663,0
DA:664,0
DA:665,0
DA:666,0
DA:667,0
DA:668,0
DA:669,0
DA:670,0
DA:671,0
DA:672,0
DA:673,0
DA:674,0
DA:676,0
DA:677,0
DA:679,0
DA:680,0
DA:681,0
DA:682,0
DA:683,0
DA:684,0
DA:685,0
DA:686,0
DA:687,0
DA:688,0
DA:689,0
DA:690,0
DA:691,0
DA:692,0
DA:693,0
DA:695,0
DA:696,0
DA:698,0
DA:699,0
DA:700,0
DA:701,0
DA:702,0
DA:703,0
DA:704,0
DA:705,0
DA:706,0
DA:707,0
DA:708,0
DA:709,0
DA:710,0
DA:711,0
DA:712,0
DA:714,0
DA:715,0
DA:717,0
DA:718,0
DA:719,0
DA:720,0
DA:721,0
DA:722,0
DA:723,0
DA:724,0
DA:725,0
DA:726,0
DA:727,0
DA:728,0
DA:729,0
DA:730,0
DA:731,0
DA:733,0
DA:734,0
DA:736,0
DA:737,0
DA:738,0
DA:739,0
DA:740,0
DA:741,0
DA:742,0
DA:743,0
DA:744,0
DA:745,0
DA:746,0
DA:747,0
DA:748,0
DA:749,0
DA:750,0
DA:752,0
DA:753,0
DA:755,0
DA:756,0
DA:757,0
DA:758,0
DA:759,0
DA:760,0
DA:761,0
DA:762,0
DA:763,0
DA:764,0
DA:765,0
DA:766,0
DA:767,0
DA:768,0
DA:769,0
DA:771,0
DA:772,0
DA:774,0
DA:775,0
DA:776,0
DA:777,0
DA:778,0
DA:779,0
DA:780,0
DA:781,0
DA:782,0
DA:783,0
DA:784,0
DA:785,0
DA:786,0
DA:787,0
DA:788,0
DA:790,0
DA:791,0
DA:793,0
DA:794,0
DA:795,0
DA:796,0
DA:797,0
DA:798,0
DA:799,0
DA:800,0
DA:801,0
DA:802,0
DA:803,0
DA:804,0
DA:805,0
DA:806,0
DA:807,0
DA:809,0
DA:810,0
DA:812,0
DA:813,0
DA:814,0
DA:815,0
DA:816,0
DA:817,0
DA:818,0
DA:819,0
DA:820,0
DA:821,0
DA:822,0
DA:823,0
DA:824,0
DA:825,0
DA:826,0
DA:828,0
DA:829,0
DA:831,0
DA:832,0
DA:833,0
DA:834,0
DA:835,0
DA:836,0
DA:837,0
DA:838,0
DA:839,0
DA:840,0
DA:841,0
DA:842,0
DA:843,0
DA:844,0
DA:845,0
DA:847,0
DA:848,0
DA:850,0
DA:851,0
DA:852,0
DA:853,0
DA:854,0
DA:855,0
DA:856,0
DA:857,0
DA:858,0
DA:859,0
DA:860,0
DA:861,0
DA:862,0
DA:863,0
DA:864,0
DA:866,0
DA:867,0
DA:869,0
DA:870,0
DA:871,0
DA:872,0
DA:873,0
DA:874,0
DA:875,0
DA:876,0
DA:877,0
DA:878,0
DA:879,0
DA:880,0
DA:881,0
DA:882,0
DA:883,0
DA:885,0
DA:886,0
DA:888,0
DA:889,0
DA:890,0
DA:891,0
DA:892,0
DA:893,0
DA:894,0
DA:895,0
DA:896,0
DA:897,0
DA:898,0
DA:899,0
DA:900,0
DA:901,0
DA:902,0
DA:904,0
DA:905,0
DA:907,0
DA:908,0
DA:909,0
DA:910,0
DA:911,0
DA:912,0
DA:913,0
DA:914,0
DA:915,0
DA:916,0
DA:917,0
DA:918,0
DA:919,0
DA:920,0
DA:921,0
DA:923,0
DA:924,0
DA:926,0
DA:927,0
DA:928,0
DA:929,0
DA:930,0
DA:931,0
DA:932,0
DA:933,0
DA:934,0
DA:935,0
DA:936,0
DA:937,0
DA:938,0
DA:939,0
DA:940,0
DA:942,0
DA:943,0
DA:945,0
DA:946,0
DA:947,0
DA:948,0
DA:949,0
DA:950,0
DA:951,0
DA:952,0
DA:953,0
DA:954,0
DA:955,0
DA:956,0
DA:957,0
DA:958,0
DA:959,0
DA:961,0
DA:962,0
DA:964,0
DA:965,0
DA:966,0
DA:967,0
DA:968,0
DA:969,0
DA:970,0
DA:971,0
DA:972,0
DA:973,0
DA:974,0
DA:975,0
DA:976,0
DA:977,0
DA:978,0
DA:980,0
DA:981,0
DA:983,0
DA:984,0
DA:985,0
DA:986,0
DA:987,0
DA:988,0
DA:989,0
DA:990,0
DA:991,0
DA:992,0
DA:993,0
DA:994,0
DA:995,0
DA:996,0
DA:997,0
DA:999,0
DA:1000,0
DA:1002,0
DA:1003,0
DA:1004,0
DA:1005,0
DA:1006,0
DA:1007,0
DA:1008,0
DA:1009,0
DA:1010,0
DA:1011,0
DA:1012,0
DA:1013,0
DA:1014,0
DA:1015,0
DA:1016,0
DA:1018,0
DA:1019,0
DA:1021,0
DA:1022,0
DA:1023,0
DA:1024,0
DA:1025,0
DA:1026,0
DA:1027,0
DA:1028,0
DA:1029,0
DA:1030,0
DA:1031,0
DA:1032,0
DA:1033,0
DA:1034,0
DA:1035,0
DA:1037,0
DA:1038,0
DA:1040,0
DA:1042,0
DA:1043,0
DA:1044,0
DA:1045,0
DA:1046,0
DA:1047,0
DA:1048,0
DA:1049,0
DA:1050,0
DA:1051,0
DA:1052,0
DA:1053,0
DA:1054,0
DA:1055,0
DA:1056,0
DA:1057,0
DA:1059,0
DA:1060,0
DA:1061,0
DA:1062,0
DA:1063,0
DA:1064,0
DA:1065,0
DA:1066,0
DA:1067,0
DA:1068,0
DA:1069,0
DA:1070,0
DA:1071,0
DA:1072,0
DA:1073,0
DA:1075,0
DA:1076,0
DA:1078,0
DA:1079,0
DA:1080,0
DA:1081,0
DA:1082,0
DA:1083,0
DA:1084,0
DA:1085,0
DA:1086,0
DA:1087,0
DA:1088,0
DA:1089,0
DA:1090,0
DA:1091,0
DA:1092,0
DA:1094,0
DA:1095,0
DA:1097,0
DA:1098,0
DA:1099,0
DA:1100,0
DA:1101,0
DA:1102,0
DA:1103,0
DA:1104,0
DA:1105,0
DA:1106,0
DA:1107,0
DA:1108,0
DA:1109,0
DA:1110,0
DA:1111,0
DA:1113,0
DA:1114,0
DA:1116,0
DA:1117,0
DA:1118,0
DA:1119,0
DA:1120,0
DA:1121,0
DA:1122,0
DA:1123,0
DA:1124,0
DA:1125,0
DA:1126,0
DA:1127,0
DA:1128,0
DA:1129,0
DA:1130,0
DA:1132,0
DA:1133,0
DA:1135,0
DA:1136,0
DA:1137,0
DA:1138,0
DA:1139,0
DA:1140,0
DA:1141,0
DA:1142,0
DA:1143,0
DA:1144,0
DA:1145,0
DA:1146,0
DA:1147,0
DA:1148,0
DA:1149,0
DA:1151,0
DA:1152,0
DA:1154,0
DA:1155,0
DA:1156,0
DA:1157,0
DA:1158,0
DA:1159,0
DA:1160,0
DA:1161,0
DA:1162,0
DA:1163,0
DA:1164,0
DA:1165,0
DA:1166,0
DA:1167,0
DA:1168,0
DA:1170,0
DA:1171,0
DA:1172,0
DA:1173,0
DA:1174,0
DA:1176,0
DA:1177,0
DA:1178,0
DA:1179,0
DA:1180,0
DA:1181,0
DA:1182,0
DA:1183,0
DA:1184,0
DA:1185,0
DA:1186,0
DA:1187,0
DA:1188,0
DA:1189,0
DA:1190,0
DA:1192,0
DA:1193,0
DA:1194,0
DA:1195,0
DA:1196,0
DA:1198,0
DA:1199,0
DA:1200,0
DA:1201,0
DA:1202,0
DA:1203,0
DA:1204,0
DA:1205,0
DA:1206,0
DA:1207,0
DA:1208,0
DA:1209,0
DA:1210,0
DA:1211,0
DA:1212,0
DA:1214,0
DA:1215,0
DA:1217,0
DA:1219,0
DA:1220,0
DA:1221,0
DA:1222,0
DA:1223,0
DA:1224,0
DA:1225,0
DA:1226,0
DA:1227,0
DA:1229,0
DA:1230,0
DA:1231,0
DA:1232,0
DA:1233,0
DA:1234,0
DA:1235,0
DA:1236,0
DA:1237,0
DA:1238,0
DA:1239,0
DA:1240,0
DA:1241,0
DA:1242,0
DA:1243,0
DA:1245,0
DA:1246,0
DA:1248,0
DA:1249,0
DA:1250,0
DA:1251,0
DA:1252,0
DA:1253,0
DA:1254,0
DA:1255,0
DA:1256,0
DA:1257,0
DA:1258,0
DA:1259,0
DA:1260,0
DA:1261,0
DA:1262,0
DA:1264,0
DA:1265,0
DA:1267,0
DA:1268,0
DA:1269,0
DA:1270,0
DA:1271,0
DA:1272,0
DA:1273,0
DA:1274,0
DA:1275,0
DA:1276,0
DA:1277,0
DA:1278,0
DA:1279,0
DA:1280,0
DA:1281,0
DA:1284,0
DA:1285,0
DA:1286,0
DA:1287,0
DA:1288,0
DA:1291,0
DA:1293,0
DA:1294,0
DA:1295,0
DA:1296,0
DA:1297,0
DA:1298,0
DA:1299,0
DA:1300,0
DA:1301,0
DA:1302,0
DA:1303,0
DA:1304,0
DA:1305,0
DA:1306,0
DA:1307,0
DA:1310,0
DA:1311,0
DA:1312,0
DA:1313,0
DA:1314,0
DA:1317,0
DA:1319,0
DA:1320,0
DA:1321,0
DA:1322,0
DA:1323,0
DA:1324,0
DA:1325,0
DA:1326,0
DA:1327,0
DA:1328,0
DA:1329,0
DA:1330,0
DA:1331,0
DA:1332,0
DA:1333,0
DA:1336,0
DA:1337,0
DA:1338,0
DA:1339,0
DA:1340,0
DA:1342,0
DA:1343,0
DA:1344,0
DA:1346,0
DA:1348,0
DA:1349,0
DA:1350,0
DA:1352,0
DA:1353,0
DA:1357,0
DA:1359,0
DA:1360,0
DA:1361,0
DA:1362,0
DA:1363,0
DA:1364,0
DA:1365,0
DA:1366,0
DA:1367,0
DA:1368,0
DA:1369,0
DA:1370,0
DA:1371,0
DA:1372,0
DA:1373,0
DA:1376,0
DA:1377,0
DA:1378,0
DA:1379,0
DA:1380,0
DA:1382,0
DA:1383,0
DA:1384,0
DA:1386,0
DA:1388,0
DA:1389,0
DA:1390,0
DA:1392,0
DA:1393,0
DA:1397,0
DA:1399,0
DA:1400,0
DA:1401,0
DA:1402,0
DA:1403,0
DA:1404,0
DA:1405,0
DA:1406,0
DA:1407,0
DA:1408,0
DA:1409,0
DA:1410,0
DA:1411,0
DA:1412,0
DA:1413,0
DA:1415,0
DA:1416,0
DA:1418,0
DA:1419,0
DA:1420,0
DA:1421,0
DA:1422,0
DA:1423,0
DA:1424,0
DA:1425,0
DA:1426,0
DA:1427,0
DA:1428,0
DA:1429,0
DA:1430,0
DA:1431,0
DA:1432,0
DA:1434,0
DA:1435,0
DA:1437,0
DA:1438,0
DA:1439,0
DA:1440,0
DA:1441,0
DA:1442,0
DA:1443,0
DA:1444,0
DA:1445,0
DA:1446,0
DA:1447,0
DA:1448,0
DA:1449,0
DA:1450,0
DA:1451,0
DA:1453,0
DA:1454,0
DA:1456,0
DA:1457,0
DA:1458,0
DA:1459,0
DA:1460,0
DA:1461,0
DA:1462,0
DA:1463,0
DA:1464,0
DA:1465,0
DA:1466,0
DA:1467,0
DA:1468,0
DA:1469,0
DA:1470,0
DA:1472,0
DA:1473,0
DA:1475,0
DA:1476,0
DA:1477,0
DA:1478,0
DA:1479,0
DA:1480,0
DA:1481,0
DA:1482,0
DA:1483,0
DA:1484,0
DA:1485,0
DA:1486,0
DA:1487,0
DA:1488,0
DA:1489,0
DA:1491,0
DA:1492,0
DA:1494,0
DA:1495,0
DA:1496,0
DA:1497,0
DA:1498,0
DA:1499,0
DA:1500,0
DA:1501,0
DA:1502,0
DA:1503,0
DA:1504,0
DA:1505,0
DA:1506,0
DA:1507,0
DA:1508,0
DA:1510,0
DA:1511,0
DA:1513,0
DA:1514,0
DA:1515,0
DA:1516,0
DA:1517,0
DA:1518,0
DA:1519,0
DA:1520,0
DA:1521,0
DA:1522,0
DA:1523,0
DA:1524,0
DA:1525,0
DA:1526,0
DA:1527,0
DA:1529,0
DA:1530,0
DA:1532,0
DA:1533,0
DA:1534,0
DA:1535,0
DA:1536,0
DA:1537,0
DA:1538,0
DA:1539,0
DA:1540,0
DA:1541,0
DA:1542,0
DA:1543,0
DA:1544,0
DA:1545,0
DA:1546,0
DA:1548,0
DA:1549,0
DA:1551,0
DA:1552,0
DA:1553,0
DA:1554,0
DA:1555,0
DA:1556,0
DA:1557,0
DA:1558,0
DA:1559,0
DA:1560,0
DA:1561,0
DA:1562,0
DA:1563,0
DA:1564,0
DA:1565,0
DA:1567,0
DA:1568,0
DA:1570,0
DA:1571,0
DA:1572,0
DA:1573,0
DA:1574,0
DA:1575,0
DA:1576,0
DA:1577,0
DA:1578,0
DA:1579,0
DA:1580,0
DA:1581,0
DA:1582,0
DA:1583,0
DA:1584,0
DA:1586,0
DA:1587,0
DA:1589,0
DA:1590,0
DA:1591,0
DA:1592,0
DA:1593,0
DA:1594,0
DA:1595,0
DA:1596,0
DA:1597,0
DA:1598,0
DA:1599,0
DA:1600,0
DA:1601,0
DA:1602,0
DA:1603,0
DA:1605,0
DA:1606,0
DA:1608,0
DA:1609,0
DA:1610,0
DA:1611,0
DA:1612,0
DA:1613,0
DA:1614,0
DA:1615,0
DA:1616,0
DA:1617,0
DA:1618,0
DA:1619,0
DA:1620,0
DA:1621,0
DA:1622,0
DA:1624,0
DA:1625,0
DA:1627,0
DA:1628,0
DA:1629,0
DA:1630,0
DA:1631,0
DA:1632,0
DA:1633,0
DA:1634,0
DA:1635,0
DA:1636,0
DA:1637,0
DA:1638,0
DA:1639,0
DA:1640,0
DA:1641,0
DA:1643,0
DA:1644,0
DA:1646,0
DA:1647,0
DA:1648,0
DA:1649,0
DA:1650,0
DA:1651,0
DA:1652,0
DA:1653,0
DA:1654,0
DA:1655,0
DA:1656,0
DA:1657,0
DA:1658,0
DA:1659,0
DA:1660,0
DA:1662,0
DA:1663,0
DA:1665,0
DA:1666,0
DA:1667,0
DA:1668,0
DA:1669,0
DA:1670,0
DA:1671,0
DA:1672,0
DA:1673,0
DA:1674,0
DA:1675,0
DA:1676,0
DA:1677,0
DA:1678,0
DA:1679,0
DA:1681,0
DA:1682,0
DA:1684,0
DA:1685,0
DA:1686,0
DA:1687,0
DA:1688,0
DA:1689,0
DA:1690,0
DA:1691,0
DA:1692,0
DA:1693,0
DA:1694,0
DA:1695,0
DA:1696,0
DA:1697,0
DA:1698,0
DA:1700,0
DA:1701,0
DA:1703,0
DA:1704,0
DA:1705,0
DA:1706,0
DA:1707,0
DA:1708,0
DA:1709,0
DA:1710,0
DA:1711,0
DA:1712,0
DA:1713,0
DA:1714,0
DA:1715,0
DA:1716,0
DA:1717,0
DA:1719,0
DA:1720,0
DA:1722,0
DA:1723,0
DA:1724,0
DA:1725,0
DA:1726,0
DA:1727,0
DA:1728,0
DA:1729,0
DA:1730,0
DA:1731,0
DA:1732,0
DA:1733,0
DA:1734,0
DA:1735,0
DA:1736,0
DA:1738,0
DA:1739,0
DA:1741,0
DA:1742,0
DA:1743,0
DA:1744,0
DA:1745,0
DA:1746,0
DA:1747,0
DA:1748,0
DA:1749,0
DA:1750,0
DA:1751,0
DA:1752,0
DA:1753,0
DA:1754,0
DA:1755,0
DA:1757,0
DA:1758,0
DA:1760,0
DA:1761,0
DA:1762,0
DA:1763,0
DA:1764,0
DA:1765,0
DA:1766,0
DA:1767,0
DA:1768,0
DA:1769,0
DA:1770,0
DA:1771,0
DA:1772,0
DA:1773,0
DA:1774,0
DA:1776,0
DA:1777,0
DA:1779,0
DA:1780,0
DA:1781,0
DA:1782,0
DA:1783,0
DA:1784,0
DA:1785,0
DA:1786,0
DA:1787,0
DA:1788,0
DA:1789,0
DA:1790,0
DA:1791,0
DA:1792,0
DA:1793,0
DA:1795,0
DA:1796,0
DA:1798,0
DA:1799,0
DA:1800,0
DA:1801,0
DA:1802,0
DA:1803,0
DA:1804,0
DA:1805,0
DA:1806,0
DA:1807,0
DA:1808,0
DA:1809,0
DA:1810,0
DA:1811,0
DA:1812,0
DA:1815,0
DA:1816,0
DA:1818,0
DA:1819,0
DA:1820,0
DA:1821,0
DA:1822,0
DA:1823,0
DA:1824,0
DA:1825,0
DA:1826,0
DA:1827,0
DA:1828,0
DA:1829,0
DA:1830,0
DA:1831,0
DA:1832,0
DA:1834,0
DA:1835,0
DA:1837,0
DA:1838,0
DA:1839,0
DA:1840,0
DA:1841,0
DA:1842,0
DA:1843,0
DA:1844,0
DA:1845,0
DA:1846,0
DA:1847,0
DA:1848,0
DA:1849,0
DA:1850,0
DA:1851,0
DA:1853,0
DA:1854,0
DA:1856,0
DA:1857,0
DA:1858,0
DA:1859,0
DA:1860,0
DA:1861,0
DA:1862,0
DA:1863,0
DA:1864,0
DA:1865,0
DA:1866,0
DA:1867,0
DA:1868,0
DA:1869,0
DA:1870,0
DA:1872,0
DA:1873,0
DA:1875,0
DA:1876,0
DA:1877,0
DA:1878,0
DA:1879,0
DA:1880,0
DA:1881,0
DA:1882,0
DA:1883,0
DA:1884,0
DA:1885,0
DA:1886,0
DA:1887,0
DA:1888,0
DA:1889,0
DA:1891,0
DA:1892,0
DA:1894,0
DA:1895,0
DA:1896,0
DA:1897,0
DA:1898,0
DA:1899,0
DA:1900,0
DA:1901,0
DA:1902,0
DA:1903,0
DA:1904,0
DA:1905,0
DA:1906,0
DA:1907,0
DA:1908,0
DA:1910,0
DA:1911,0
DA:1913,0
DA:1914,0
DA:1915,0
DA:1916,0
DA:1917,0
DA:1918,0
DA:1919,0
DA:1920,0
DA:1921,0
DA:1922,0
DA:1923,0
DA:1924,0
DA:1925,0
DA:1926,0
DA:1927,0
DA:1929,0
DA:1930,0
DA:1932,0
DA:1933,0
DA:1934,0
DA:1935,0
DA:1936,0
DA:1937,0
DA:1938,0
DA:1939,0
DA:1940,0
DA:1941,0
DA:1942,0
DA:1943,0
DA:1944,0
DA:1945,0
DA:1946,0
DA:1948,0
DA:1949,0
DA:1951,0
DA:1952,0
DA:1953,0
DA:1954,0
DA:1955,0
DA:1956,0
DA:1957,0
DA:1958,0
DA:1959,0
DA:1960,0
DA:1961,0
DA:1962,0
DA:1963,0
DA:1964,0
DA:1965,0
DA:1967,0
DA:1968,0
DA:1970,0
DA:1971,0
DA:1972,0
DA:1973,0
DA:1974,0
DA:1975,0
DA:1976,0
DA:1977,0
DA:1978,0
DA:1979,0
DA:1980,0
DA:1981,0
DA:1982,0
DA:1983,0
DA:1984,0
DA:1986,0
DA:1987,0
DA:1989,0
DA:1990,0
DA:1991,0
DA:1992,0
DA:1993,0
DA:1994,0
DA:1995,0
DA:1996,0
DA:1997,0
DA:1998,0
DA:1999,0
DA:2000,0
DA:2001,0
DA:2002,0
DA:2003,0
DA:2005,0
DA:2006,0
DA:2008,0
DA:2009,0
DA:2010,0
DA:2011,0
DA:2012,0
DA:2013,0
DA:2014,0
DA:2015,0
DA:2016,0
DA:2017,0
DA:2018,0
DA:2019,0
DA:2020,0
DA:2021,0
DA:2022,0
DA:2024,0
DA:2025,0
DA:2027,0
DA:2028,0
DA:2029,0
DA:2030,0
DA:2031,0
DA:2032,0
DA:2033,0
DA:2034,0
DA:2035,0
DA:2036,0
DA:2037,0
DA:2038,0
DA:2039,0
DA:2040,0
DA:2041,0
DA:2043,0
DA:2044,0
DA:2046,0
DA:2047,0
DA:2048,0
DA:2049,0
DA:2050,0
DA:2051,0
DA:2052,0
DA:2053,0
DA:2054,0
DA:2055,0
DA:2056,0
DA:2057,0
DA:2058,0
DA:2059,0
DA:2060,0
DA:2062,0
DA:2063,0
DA:2065,0
DA:2066,0
DA:2067,0
DA:2068,0
DA:2069,0
DA:2070,0
DA:2071,0
DA:2072,0
DA:2073,0
DA:2074,0
DA:2075,0
DA:2076,0
DA:2077,0
DA:2078,0
DA:2079,0
DA:2081,0
DA:2082,0
DA:2084,0
DA:2085,0
DA:2086,0
DA:2087,0
DA:2088,0
DA:2089,0
DA:2090,0
DA:2091,0
DA:2092,0
DA:2093,0
DA:2094,0
DA:2095,0
DA:2096,0
DA:2097,0
DA:2098,0
DA:2100,0
DA:2101,0
DA:2103,0
DA:2104,0
DA:2105,0
DA:2106,0
DA:2107,0
DA:2108,0
DA:2109,0
DA:2110,0
DA:2111,0
DA:2112,0
DA:2113,0
DA:2114,0
DA:2115,0
DA:2116,0
DA:2117,0
DA:2119,0
DA:2120,0
DA:2122,0
DA:2123,0
DA:2124,0
DA:2125,0
DA:2126,0
DA:2127,0
DA:2128,0
DA:2129,0
DA:2130,0
DA:2131,0
DA:2132,0
DA:2133,0
DA:2134,0
DA:2135,0
DA:2136,0
DA:2138,0
DA:2139,0
DA:2141,0
DA:2142,0
DA:2143,0
DA:2144,0
DA:2145,0
DA:2146,0
DA:2147,0
DA:2148,0
DA:2149,0
DA:2150,0
DA:2151,0
DA:2152,0
DA:2153,0
DA:2154,0
DA:2155,0
DA:2157,0
DA:2158,0
DA:2160,0
DA:2161,0
DA:2162,0
DA:2163,0
DA:2164,0
DA:2165,0
DA:2166,0
DA:2167,0
DA:2168,0
DA:2169,0
DA:2170,0
DA:2171,0
DA:2172,0
DA:2173,0
DA:2174,0
DA:2176,0
DA:2177,0
DA:2179,0
DA:2180,0
DA:2181,0
DA:2182,0
DA:2183,0
DA:2184,0
DA:2185,0
DA:2186,0
DA:2187,0
DA:2188,0
DA:2189,0
DA:2190,0
DA:2191,0
DA:2192,0
DA:2193,0
DA:2195,0
DA:2196,0
DA:2198,0
DA:2199,0
DA:2200,0
DA:2201,0
DA:2202,0
DA:2203,0
DA:2204,0
DA:2205,0
DA:2206,0
DA:2207,0
DA:2208,0
DA:2209,0
DA:2210,0
DA:2211,0
DA:2212,0
DA:2214,0
DA:2215,0
DA:2217,0
DA:2218,0
DA:2219,0
DA:2220,0
DA:2221,0
DA:2222,0
DA:2223,0
DA:2224,0
DA:2225,0
DA:2226,0
DA:2227,0
DA:2228,0
DA:2229,0
DA:2230,0
DA:2231,0
DA:2233,0
DA:2234,0
DA:2236,0
DA:2237,0
DA:2238,0
DA:2239,0
DA:2240,0
DA:2241,0
DA:2242,0
DA:2243,0
DA:2244,0
DA:2245,0
DA:2246,0
DA:2247,0
DA:2248,0
DA:2249,0
DA:2250,0
DA:2252,0
DA:2253,0
DA:2255,0
DA:2256,0
DA:2257,0
DA:2258,0
DA:2259,0
DA:2260,0
DA:2261,0
DA:2262,0
DA:2263,0
DA:2264,0
DA:2265,0
DA:2266,0
DA:2267,0
DA:2268,0
DA:2269,0
DA:2271,0
DA:2272,0
DA:2274,0
DA:2275,0
DA:2276,0
DA:2277,0
DA:2278,0
DA:2279,0
DA:2280,0
DA:2281,0
DA:2282,0
DA:2283,0
DA:2284,0
DA:2285,0
DA:2286,0
DA:2287,0
DA:2288,0
DA:2290,0
DA:2291,0
DA:2293,0
DA:2294,0
DA:2295,0
DA:2296,0
DA:2297,0
DA:2298,0
DA:2299,0
DA:2300,0
DA:2301,0
DA:2302,0
DA:2303,0
DA:2304,0
DA:2305,0
DA:2306,0
DA:2307,0
DA:2309,0
DA:2310,0
DA:2312,0
DA:2313,0
DA:2314,0
DA:2315,0
DA:2316,0
DA:2317,0
DA:2318,0
DA:2319,0
DA:2320,0
DA:2321,0
DA:2322,0
DA:2323,0
DA:2324,0
DA:2325,0
DA:2326,0
DA:2328,0
DA:2329,0
DA:2331,0
DA:2332,0
DA:2333,0
DA:2334,0
DA:2335,0
DA:2336,0
DA:2337,0
DA:2338,0
DA:2339,0
DA:2340,0
DA:2341,0
DA:2342,0
DA:2343,0
DA:2344,0
DA:2345,0
DA:2347,0
DA:2348,0
DA:2350,0
DA:2351,0
DA:2352,0
DA:2353,0
DA:2354,0
DA:2355,0
DA:2356,0
DA:2357,0
DA:2358,0
DA:2359,0
DA:2360,0
DA:2361,0
DA:2362,0
DA:2363,0
DA:2364,0
DA:2366,0
DA:2367,0
DA:2368,0
DA:2370,0
DA:2371,0
DA:2372,0
DA:2373,0
DA:2374,0
DA:2375,0
DA:2376,0
DA:2377,0
DA:2378,0
DA:2379,0
DA:2380,0
DA:2381,0
DA:2382,0
DA:2383,0
DA:2384,0
DA:2385,0
DA:2387,0
DA:2388,0
DA:2389,0
DA:2390,0
DA:2391,0
DA:2392,0
DA:2393,0
DA:2394,0
DA:2395,0
DA:2396,0
DA:2397,0
DA:2398,0
DA:2399,0
DA:2400,0
DA:2401,0
DA:2403,0
DA:2404,0
DA:2406,0
DA:2407,0
DA:2408,0
DA:2409,0
DA:2410,0
DA:2411,0
DA:2412,0
DA:2413,0
DA:2414,0
DA:2415,0
DA:2416,0
DA:2417,0
DA:2418,0
DA:2419,0
DA:2420,0
DA:2422,0
DA:2423,0
DA:2425,0
DA:2426,0
DA:2427,0
DA:2428,0
DA:2429,0
DA:2430,0
DA:2431,0
DA:2432,0
DA:2433,0
DA:2434,0
DA:2435,0
DA:2436,0
DA:2437,0
DA:2438,0
DA:2439,0
DA:2441,0
DA:2442,0
DA:2444,0
DA:2445,0
DA:2446,0
DA:2447,0
DA:2448,0
DA:2449,0
DA:2450,0
DA:2451,0
DA:2452,0
DA:2453,0
DA:2454,0
DA:2455,0
DA:2456,0
DA:2457,0
DA:2458,0
DA:2460,0
DA:2461,0
DA:2463,0
DA:2464,0
DA:2465,0
DA:2466,0
DA:2467,0
DA:2468,0
DA:2469,0
DA:2470,0
DA:2471,0
DA:2472,0
DA:2473,0
DA:2474,0
DA:2475,0
DA:2476,0
DA:2477,0
DA:2479,0
DA:2480,0
DA:2482,0
DA:2483,0
DA:2484,0
DA:2485,0
DA:2486,0
DA:2487,0
DA:2488,0
DA:2489,0
DA:2490,0
DA:2491,0
DA:2492,0
DA:2493,0
DA:2494,0
DA:2495,0
DA:2496,0
DA:2498,0
DA:2499,0
DA:2501,0
DA:2502,0
DA:2503,0
DA:2504,0
DA:2505,0
DA:2506,0
DA:2507,0
DA:2508,0
DA:2509,0
DA:2510,0
DA:2511,0
DA:2512,0
DA:2513,0
DA:2514,0
DA:2515,0
DA:2517,0
DA:2518,0
DA:2520,0
DA:2521,0
DA:2522,0
DA:2523,0
DA:2524,0
DA:2525,0
DA:2526,0
DA:2527,0
DA:2528,0
DA:2529,0
DA:2530,0
DA:2531,0
DA:2532,0
DA:2533,0
DA:2534,0
DA:2536,0
DA:2537,0
DA:2539,0
DA:2540,0
DA:2541,0
DA:2542,0
DA:2543,0
DA:2544,0
DA:2545,0
DA:2546,0
DA:2547,0
DA:2548,0
DA:2549,0
DA:2550,0
DA:2551,0
DA:2552,0
DA:2553,0
DA:2555,0
DA:2556,0
DA:2558,0
DA:2559,0
DA:2560,0
DA:2561,0
DA:2562,0
DA:2563,0
DA:2564,0
DA:2565,0
DA:2566,0
DA:2567,0
DA:2568,0
DA:2569,0
DA:2570,0
DA:2571,0
DA:2572,0
DA:2574,0
DA:2575,0
DA:2577,0
DA:2578,0
DA:2579,0
DA:2580,0
DA:2581,0
DA:2582,0
DA:2583,0
DA:2584,0
DA:2585,0
DA:2586,0
DA:2587,0
DA:2588,0
DA:2589,0
DA:2590,0
DA:2591,0
DA:2593,0
DA:2594,0
DA:2596,0
DA:2597,0
DA:2598,0
DA:2599,0
DA:2600,0
DA:2601,0
DA:2602,0
DA:2603,0
DA:2604,0
DA:2605,0
DA:2606,0
DA:2607,0
DA:2608,0
DA:2609,0
DA:2610,0
DA:2612,0
DA:2613,0
DA:2615,0
DA:2616,0
DA:2617,0
DA:2618,0
DA:2619,0
DA:2620,0
DA:2621,0
DA:2622,0
DA:2623,0
DA:2624,0
DA:2625,0
DA:2626,0
DA:2627,0
DA:2628,0
DA:2629,0
DA:2631,0
DA:2632,0
DA:2634,0
DA:2635,0
DA:2636,0
DA:2637,0
DA:2638,0
DA:2639,0
DA:2640,0
DA:2641,0
DA:2642,0
DA:2643,0
DA:2644,0
DA:2645,0
DA:2646,0
DA:2647,0
DA:2648,0
DA:2650,0
DA:2651,0
DA:2653,0
DA:2654,0
DA:2655,0
DA:2656,0
DA:2657,0
DA:2658,0
DA:2659,0
DA:2660,0
DA:2661,0
DA:2662,0
DA:2663,0
DA:2664,0
DA:2665,0
DA:2666,0
DA:2667,0
DA:2669,0
DA:2670,0
DA:2672,0
DA:2673,0
DA:2674,0
DA:2675,0
DA:2676,0
DA:2677,0
DA:2678,0
DA:2679,0
DA:2680,0
DA:2681,0
DA:2682,0
DA:2683,0
DA:2684,0
DA:2685,0
DA:2686,0
DA:2688,0
DA:2689,0
DA:2691,0
DA:2692,0
DA:2693,0
DA:2694,0
DA:2695,0
DA:2696,0
DA:2697,0
DA:2698,0
DA:2699,0
DA:2700,0
DA:2701,0
DA:2702,0
DA:2703,0
DA:2704,0
DA:2705,0
DA:2707,0
DA:2708,0
DA:2710,0
DA:2711,0
DA:2712,0
DA:2713,0
DA:2714,0
DA:2715,0
DA:2716,0
DA:2717,0
DA:2718,0
DA:2719,0
DA:2720,0
DA:2721,0
DA:2722,0
DA:2723,0
DA:2724,0
DA:2726,0
DA:2727,0
DA:2729,0
DA:2730,0
DA:2731,0
DA:2732,0
DA:2733,0
DA:2734,0
DA:2735,0
DA:2736,0
DA:2737,0
DA:2738,0
DA:2739,0
DA:2740,0
DA:2741,0
DA:2742,0
DA:2743,0
DA:2745,0
DA:2746,0
DA:2748,0
DA:2749,0
DA:2750,0
DA:2751,0
DA:2752,0
DA:2753,0
DA:2754,0
DA:2755,0
DA:2756,0
DA:2757,0
DA:2758,0
DA:2759,0
DA:2760,0
DA:2761,0
DA:2762,0
DA:2764,0
DA:2765,0
DA:2767,0
DA:2768,0
DA:2769,0
DA:2770,0
DA:2771,0
DA:2772,0
DA:2773,0
DA:2774,0
DA:2775,0
DA:2776,0
DA:2777,0
DA:2778,0
DA:2779,0
DA:2780,0
DA:2781,0
DA:2783,0
DA:2784,0
DA:2786,0
DA:2787,0
DA:2788,0
DA:2789,0
DA:2790,0
DA:2791,0
DA:2792,0
DA:2793,0
DA:2794,0
DA:2795,0
DA:2796,0
DA:2797,0
DA:2798,0
DA:2799,0
DA:2800,0
DA:2802,0
DA:2803,0
DA:2805,0
DA:2806,0
DA:2807,0
DA:2808,0
DA:2809,0
DA:2810,0
DA:2811,0
DA:2812,0
DA:2813,0
DA:2814,0
DA:2815,0
DA:2816,0
DA:2817,0
DA:2818,0
DA:2819,0
DA:2821,0
DA:2822,0
DA:2824,0
DA:2826,0
DA:2827,0
DA:2828,0
DA:2829,0
DA:2830,0
DA:2831,0
DA:2832,0
DA:2833,0
DA:2834,0
DA:2835,0
DA:2836,0
DA:2837,0
DA:2838,0
DA:2839,0
DA:2840,0
DA:2842,0
DA:2843,0
DA:2845,0
DA:2847,0
DA:2848,0
DA:2849,0
DA:2850,0
DA:2851,0
DA:2852,0
DA:2853,0
DA:2854,0
DA:2855,0
DA:2856,0
DA:2857,0
DA:2858,0
DA:2859,0
DA:2860,0
DA:2861,0
DA:2863,0
DA:2864,0
DA:2865,0
DA:2866,0
DA:2867,0
DA:2868,0
DA:2869,0
DA:2870,0
DA:2871,0
DA:2872,0
DA:2873,0
DA:2874,0
DA:2875,0
DA:2876,0
DA:2877,0
DA:2878,0
DA:2879,0
DA:2880,0
DA:2881,0
DA:2883,0
DA:2884,0
DA:2885,0
DA:2886,0
DA:2887,0
DA:2888,0
DA:2889,0
DA:2890,0
DA:2891,0
DA:2892,0
DA:2893,0
DA:2894,0
DA:2895,0
DA:2896,0
DA:2897,0
DA:2898,0
DA:2899,0
DA:2900,0
DA:2902,0
DA:2903,0
DA:2904,0
DA:2905,0
DA:2906,0
DA:2907,0
DA:2908,0
DA:2909,0
DA:2910,0
DA:2911,0
DA:2912,0
DA:2913,0
DA:2914,0
DA:2915,0
DA:2916,0
DA:2917,0
DA:2918,0
DA:2919,0
DA:2922,0
DA:2924,0
DA:2925,0
DA:2926,0
DA:2927,0
DA:2928,0
DA:2929,0
DA:2930,0
DA:2931,0
DA:2932,0
DA:2933,0
DA:2934,0
DA:2935,0
DA:2936,0
DA:2937,0
DA:2939,0
DA:2940,0
DA:2941,0
DA:2942,0
DA:2943,0
DA:2944,0
DA:2945,0
DA:2946,0
DA:2947,0
DA:2950,0
DA:2952,0
DA:2953,0
DA:2954,0
DA:2955,0
DA:2956,0
DA:2957,0
DA:2958,0
DA:2959,0
DA:2960,0
DA:2961,0
DA:2962,0
DA:2963,0
DA:2964,0
DA:2965,0
DA:2966,0
DA:2967,0
DA:2968,0
DA:2970,0
DA:2971,0
DA:2972,0
DA:2973,0
DA:2974,0
DA:2975,0
DA:2976,0
DA:2977,0
DA:2978,0
DA:2979,0
DA:2981,0
DA:2982,0
DA:2983,0
DA:2984,0
DA:2985,0
DA:2986,0
DA:2987,0
DA:2988,0
DA:2989,0
DA:2990,0
DA:2991,0
DA:2992,0
DA:2993,0
DA:2994,0
DA:2996,0
DA:2997,0
DA:2998,0
DA:2999,0
DA:3000,0
DA:3001,0
DA:3003,0
DA:3004,0
DA:3005,0
DA:3006,0
DA:3007,0
DA:3008,0
DA:3009,0
DA:3010,0
DA:3011,0
DA:3012,0
DA:3013,0
DA:3014,0
DA:3015,0
DA:3016,0
DA:3017,0
DA:3018,0
DA:3019,0
DA:3021,0
DA:3022,0
DA:3023,0
DA:3024,0
DA:3025,0
DA:3026,0
DA:3028,0
DA:3029,0
DA:3030,0
DA:3031,0
DA:3032,0
DA:3033,0
DA:3034,0
DA:3035,0
DA:3036,0
DA:3037,0
DA:3038,0
DA:3039,0
DA:3040,0
DA:3041,0
DA:3043,0
DA:3044,0
DA:3047,0
DA:3049,0
DA:3050,0
DA:3051,0
DA:3052,0
DA:3053,0
DA:3054,0
DA:3055,0
DA:3056,0
DA:3057,0
DA:3058,0
DA:3059,0
DA:3060,0
DA:3061,0
DA:3062,0
DA:3063,0
DA:3065,0
DA:3066,0
DA:3069,0
DA:3071,0
DA:3073,0
DA:3075,0
DA:3076,0
DA:3077,0
DA:3078,0
DA:3079,0
DA:3080,0
DA:3081,0
DA:3082,0
DA:3083,0
DA:3084,0
DA:3085,0
DA:3086,0
DA:3087,0
DA:3088,0
DA:3090,0
DA:3091,0
DA:3092,0
DA:3094,0
DA:3095,0
DA:3096,0
DA:3097,0
DA:3098,0
DA:3101,0
DA:3103,0
DA:3104,0
DA:3105,0
DA:3106,0
DA:3107,0
DA:3108,0
DA:3109,0
DA:3110,0
DA:3111,0
DA:3112,0
DA:3113,0
DA:3114,0
DA:3115,0
DA:3116,0
DA:3119,0
DA:3120,0
DA:3121,0
DA:3123,0
DA:3124,0
DA:3125,0
DA:3126,0
DA:3127,0
DA:3130,0
DA:3132,0
DA:3133,0
DA:3134,0
DA:3135,0
DA:3136,0
DA:3137,0
DA:3138,0
DA:3139,0
DA:3140,0
DA:3141,0
DA:3142,0
DA:3143,0
DA:3144,0
DA:3145,0
DA:3147,0
DA:3148,0
DA:3149,0
DA:3151,0
DA:3152,0
DA:3153,0
DA:3154,0
DA:3155,0
DA:3159,0
DA:3161,0
DA:3162,0
DA:3163,0
DA:3164,0
DA:3165,0
DA:3166,0
DA:3167,0
DA:3168,0
DA:3169,0
DA:3170,0
DA:3171,0
DA:3172,0
DA:3173,0
DA:3174,0
DA:3176,0
DA:3177,0
DA:3178,0
DA:3180,0
DA:3181,0
DA:3182,0
DA:3183,0
DA:3184,0
DA:3188,0
DA:3190,0
DA:3191,0
DA:3192,0
DA:3193,0
DA:3194,0
DA:3195,0
DA:3196,0
DA:3197,0
DA:3198,0
DA:3199,0
DA:3200,0
DA:3201,0
DA:3202,0
DA:3203,0
DA:3207,0
DA:3208,0
DA:3211,0
DA:3213,0
DA:3214,0
DA:3215,0
DA:3216,0
DA:3217,0
DA:3218,0
DA:3219,0
DA:3220,0
DA:3221,0
DA:3222,0
DA:3223,0
DA:3224,0
DA:3225,0
DA:3226,0
DA:3230,0
DA:3233,0
DA:3235,0
DA:3236,0
DA:3237,0
DA:3238,0
DA:3239,0
DA:3240,0
DA:3241,0
DA:3242,0
DA:3243,0
DA:3244,0
DA:3245,0
DA:3246,0
DA:3247,0
DA:3248,0
DA:3252,0
DA:3255,0
DA:3257,0
DA:3258,0
DA:3259,0
DA:3260,0
DA:3261,0
DA:3262,0
DA:3263,0
DA:3264,0
DA:3265,0
DA:3266,0
DA:3267,0
DA:3268,0
DA:3269,0
DA:3270,0
DA:3274,0
DA:3277,0
DA:3279,0
DA:3280,0
DA:3281,0
DA:3282,0
DA:3283,0
DA:3284,0
DA:3285,0
DA:3286,0
DA:3287,0
DA:3288,0
DA:3289,0
DA:3290,0
DA:3291,0
DA:3292,0
DA:3297,0
DA:3300,0
DA:3302,0
DA:3303,0
DA:3304,0
DA:3305,0
DA:3306,0
DA:3307,0
DA:3308,0
DA:3309,0
DA:3310,0
DA:3311,0
DA:3312,0
DA:3313,0
DA:3314,0
DA:3315,0
DA:3319,0
DA:3322,0
DA:3324,0
DA:3325,0
DA:3326,0
DA:3327,0
DA:3328,0
DA:3329,0
DA:3330,0
DA:3331,0
DA:3332,0
DA:3333,0
DA:3334,0
DA:3335,0
DA:3336,0
DA:3337,0
DA:3340,0
DA:3341,0
DA:3343,0
DA:3344,0
DA:3345,0
DA:3346,0
DA:3347,0
DA:3348,0
DA:3349,0
DA:3350,0
DA:3351,0
DA:3352,0
DA:3353,0
DA:3354,0
DA:3355,0
DA:3356,0
DA:3359,0
DA:3361,0
DA:3363,0
DA:3364,0
DA:3365,0
DA:3366,0
DA:3367,0
DA:3368,0
DA:3369,0
DA:3370,0
DA:3371,0
DA:3372,0
DA:3373,0
DA:3374,0
DA:3375,0
DA:3376,0
DA:3379,0
DA:3380,0
DA:3382,0
DA:3383,0
DA:3384,0
DA:3385,0
DA:3386,0
DA:3387,0
DA:3388,0
DA:3389,0
DA:3390,0
DA:3391,0
DA:3392,0
DA:3393,0
DA:3394,0
DA:3395,0
DA:3397,0
DA:3398,0
DA:3400,0
DA:3401,0
DA:3402,0
DA:3403,0
DA:3404,0
DA:3405,0
DA:3406,0
DA:3407,0
DA:3408,0
DA:3409,0
DA:3410,0
DA:3411,0
DA:3412,0
DA:3413,0
DA:3416,0
DA:3419,0
DA:3420,0
DA:3422,0
DA:3423,0
DA:3424,0
DA:3425,0
DA:3426,0
DA:3427,0
DA:3428,0
DA:3429,0
DA:3430,0
DA:3431,0
DA:3432,0
DA:3433,0
DA:3434,0
DA:3435,0
DA:3438,0
DA:3440,0
DA:3441,0
DA:3443,0
DA:3444,0
DA:3445,0
DA:3446,0
DA:3447,0
DA:3448,0
DA:3449,0
DA:3450,0
DA:3451,0
DA:3452,0
DA:3453,0
DA:3454,0
DA:3455,0
DA:3456,0
DA:3458,0
DA:3459,0
DA:3461,0
DA:3462,0
DA:3463,0
DA:3464,0
DA:3465,0
DA:3466,0
DA:3467,0
DA:3468,0
DA:3469,0
DA:3470,0
DA:3471,0
DA:3472,0
DA:3473,0
DA:3474,0
DA:3476,0
DA:3477,0
DA:3479,0
DA:3480,0
DA:3481,0
DA:3482,0
DA:3483,0
DA:3484,0
DA:3485,0
DA:3486,0
DA:3487,0
DA:3488,0
DA:3489,0
DA:3490,0
DA:3491,0
DA:3492,0
DA:3494,0
DA:3495,0
DA:3497,0
DA:3498,0
DA:3499,0
DA:3500,0
DA:3501,0
DA:3502,0
DA:3503,0
DA:3504,0
DA:3505,0
DA:3506,0
DA:3507,0
DA:3508,0
DA:3509,0
DA:3510,0
DA:3512,0
DA:3513,0
DA:3515,0
DA:3516,0
DA:3517,0
DA:3518,0
DA:3519,0
DA:3520,0
DA:3521,0
DA:3522,0
DA:3523,0
DA:3524,0
DA:3525,0
DA:3526,0
DA:3527,0
DA:3528,0
DA:3530,0
DA:3531,0
DA:3533,0
DA:3534,0
DA:3535,0
DA:3536,0
DA:3537,0
DA:3538,0
DA:3539,0
DA:3540,0
DA:3541,0
DA:3542,0
DA:3543,0
DA:3544,0
DA:3545,0
DA:3546,0
DA:3548,0
DA:3549,0
DA:3551,0
DA:3552,0
DA:3553,0
DA:3554,0
DA:3555,0
DA:3556,0
DA:3557,0
DA:3558,0
DA:3559,0
DA:3560,0
DA:3561,0
DA:3562,0
DA:3563,0
DA:3564,0
DA:3566,0
DA:3567,0
DA:3569,0
DA:3570,0
DA:3571,0
DA:3572,0
DA:3573,0
DA:3574,0
DA:3575,0
DA:3576,0
DA:3577,0
DA:3578,0
DA:3579,0
DA:3580,0
DA:3581,0
DA:3582,0
DA:3584,0
DA:3585,0
DA:3587,0
DA:3588,0
DA:3589,0
DA:3590,0
DA:3591,0
DA:3592,0
DA:3593,0
DA:3594,0
DA:3595,0
DA:3596,0
DA:3597,0
DA:3598,0
DA:3599,0
DA:3600,0
DA:3602,0
DA:3603,0
DA:3605,0
DA:3606,0
DA:3607,0
DA:3608,0
DA:3609,0
DA:3610,0
DA:3611,0
DA:3612,0
DA:3613,0
DA:3614,0
DA:3615,0
DA:3616,0
DA:3617,0
DA:3618,0
DA:3620,0
DA:3621,0
DA:3623,0
DA:3624,0
DA:3625,0
DA:3626,0
DA:3627,0
DA:3628,0
DA:3629,0
DA:3630,0
DA:3631,0
DA:3632,0
DA:3633,0
DA:3634,0
DA:3635,0
DA:3636,0
DA:3637,0
DA:3639,0
DA:3640,0
DA:3642,0
DA:3643,0
DA:3644,0
DA:3645,0
DA:3646,0
DA:3647,0
DA:3648,0
DA:3649,0
DA:3650,0
DA:3651,0
DA:3652,0
DA:3653,0
DA:3654,0
DA:3655,0
DA:3657,0
DA:3658,0
DA:3660,0
DA:3661,0
DA:3662,0
DA:3663,0
DA:3664,0
DA:3665,0
DA:3666,0
DA:3667,0
DA:3668,0
DA:3669,0
DA:3670,0
DA:3671,0
DA:3672,0
DA:3673,0
DA:3674,0
DA:3675,0
DA:3676,0
DA:3677,0
DA:3679,0
DA:3680,0
DA:3682,0
DA:3683,0
DA:3684,0
DA:3685,0
DA:3686,0
DA:3687,0
DA:3688,0
DA:3689,0
DA:3690,0
DA:3691,0
DA:3692,0
DA:3693,0
DA:3694,0
DA:3695,0
DA:3697,0
DA:3698,0
DA:3700,0
DA:3701,0
DA:3702,0
DA:3703,0
DA:3704,0
DA:3705,0
DA:3706,0
DA:3707,0
DA:3708,0
DA:3709,0
DA:3710,0
DA:3711,0
DA:3712,0
DA:3713,0
DA:3715,0
DA:3716,0
DA:3718,0
DA:3719,0
DA:3720,0
DA:3721,0
DA:3722,0
DA:3723,0
DA:3724,0
DA:3725,0
DA:3726,0
DA:3727,0
DA:3728,0
DA:3729,0
DA:3730,0
DA:3731,0
DA:3732,0
DA:3733,0
DA:3734,0
DA:3735,0
DA:3737,0
DA:3738,0
DA:3740,0
DA:3741,0
DA:3742,0
DA:3743,0
DA:3744,0
DA:3745,0
DA:3746,0
DA:3747,0
DA:3748,0
DA:3749,0
DA:3750,0
DA:3751,0
DA:3752,0
DA:3753,0
DA:3754,0
DA:3755,0
DA:3756,0
DA:3757,0
DA:3758,0
DA:3759,0
DA:3761,0
DA:3762,0
DA:3763,0
DA:3764,0
DA:3765,0
DA:3766,0
DA:3767,0
DA:3768,0
DA:3769,0
DA:3770,0
DA:3771,0
DA:3772,0
DA:3773,0
DA:3774,0
DA:3775,0
DA:3776,0
DA:3777,0
DA:3778,0
DA:3779,0
DA:3781,0
DA:3782,0
DA:3783,0
DA:3784,0
DA:3785,0
DA:3786,0
DA:3787,0
DA:3788,0
DA:3789,0
DA:3790,0
DA:3791,0
DA:3792,0
DA:3793,0
DA:3794,0
DA:3795,0
DA:3796,0
DA:3797,0
DA:3799,0
DA:3800,0
DA:3802,0
DA:3803,0
DA:3804,0
DA:3805,0
DA:3806,0
DA:3807,0
DA:3808,0
DA:3809,0
DA:3810,0
DA:3811,0
DA:3812,0
DA:3813,0
DA:3814,0
DA:3815,0
DA:3816,0
DA:3817,0
DA:3818,0
DA:3820,0
DA:3821,0
DA:3823,0
DA:3824,0
DA:3825,0
DA:3826,0
DA:3827,0
DA:3828,0
DA:3829,0
DA:3830,0
DA:3831,0
DA:3832,0
DA:3833,0
DA:3834,0
DA:3835,0
DA:3836,0
DA:3837,0
DA:3838,0
DA:3839,0
DA:3841,0
DA:3842,0
DA:3844,0
DA:3845,0
DA:3846,0
DA:3847,0
DA:3848,0
DA:3849,0
DA:3850,0
DA:3851,0
DA:3852,0
DA:3853,0
DA:3854,0
DA:3855,0
DA:3856,0
DA:3857,0
DA:3858,0
DA:3859,0
DA:3860,0
DA:3862,0
DA:3863,0
DA:3865,0
DA:3866,0
DA:3867,0
DA:3868,0
DA:3869,0
DA:3870,0
DA:3871,0
DA:3872,0
DA:3873,0
DA:3874,0
DA:3875,0
DA:3876,0
DA:3877,0
DA:3878,0
DA:3879,0
DA:3880,0
DA:3881,0
DA:3882,0
DA:3883,0
DA:3885,0
DA:3886,0
DA:3887,0
DA:3888,0
DA:3889,0
DA:3890,0
DA:3891,0
DA:3892,0
DA:3893,0
DA:3894,0
DA:3895,0
DA:3896,0
DA:3897,0
DA:3898,0
DA:3899,0
DA:3900,0
DA:3901,0
DA:3902,0
DA:3903,0
DA:3905,0
DA:3906,0
DA:3907,0
DA:3908,0
DA:3909,0
DA:3910,0
DA:3911,0
DA:3912,0
DA:3913,0
DA:3914,0
DA:3915,0
DA:3916,0
DA:3917,0
DA:3918,0
DA:3919,0
DA:3920,0
DA:3921,0
DA:3922,0
DA:3923,0
DA:3925,0
DA:3926,0
DA:3927,0
DA:3928,0
DA:3929,0
DA:3930,0
DA:3931,0
DA:3932,0
DA:3933,0
DA:3934,0
DA:3935,0
DA:3936,0
DA:3937,0
DA:3938,0
DA:3939,0
DA:3940,0
DA:3941,0
DA:3942,0
DA:3943,0
DA:3945,0
DA:3946,0
DA:3947,0
DA:3948,0
DA:3949,0
DA:3950,0
DA:3951,0
DA:3952,0
DA:3953,0
DA:3954,0
DA:3955,0
DA:3956,0
DA:3957,0
DA:3958,0
DA:3959,0
DA:3960,0
DA:3961,0
DA:3962,0
DA:3963,0
DA:3965,0
DA:3966,0
DA:3967,0
DA:3968,0
DA:3969,0
DA:3970,0
DA:3971,0
DA:3972,0
DA:3973,0
DA:3974,0
DA:3975,0
DA:3976,0
DA:3977,0
DA:3978,0
DA:3979,0
DA:3980,0
DA:3981,0
DA:3982,0
DA:3983,0
DA:3985,0
DA:3986,0
DA:3987,0
DA:3988,0
DA:3989,0
DA:3990,0
DA:3991,0
DA:3992,0
DA:3993,0
DA:3994,0
DA:3995,0
DA:3996,0
DA:3997,0
DA:3998,0
DA:3999,0
DA:4000,0
DA:4001,0
DA:4002,0
DA:4003,0
DA:4005,0
DA:4006,0
DA:4007,0
DA:4008,0
DA:4009,0
DA:4010,0
DA:4011,0
DA:4012,0
DA:4013,0
DA:4014,0
DA:4015,0
DA:4016,0
DA:4017,0
DA:4018,0
DA:4019,0
DA:4020,0
DA:4021,0
DA:4022,0
DA:4023,0
DA:4025,0
DA:4026,0
DA:4027,0
DA:4028,0
DA:4029,0
DA:4030,0
DA:4031,0
DA:4032,0
DA:4033,0
DA:4034,0
DA:4035,0
DA:4036,0
DA:4037,0
DA:4038,0
DA:4039,0
DA:4040,0
DA:4041,0
DA:4042,0
DA:4043,0
DA:4045,0
DA:4046,0
DA:4047,0
DA:4048,0
DA:4049,0
DA:4050,0
DA:4051,0
DA:4052,0
DA:4053,0
DA:4054,0
DA:4055,0
DA:4056,0
DA:4057,0
DA:4058,0
DA:4059,0
DA:4061,0
DA:4062,0
DA:4063,0
DA:4065,0
DA:4066,0
DA:4067,0
DA:4068,0
DA:4069,0
DA:4070,0
DA:4071,0
DA:4072,0
DA:4073,0
DA:4074,0
DA:4075,0
DA:4076,0
DA:4077,0
DA:4078,0
DA:4079,0
DA:4081,0
DA:4082,0
DA:4084,0
DA:4085,0
DA:4086,0
DA:4087,0
DA:4088,0
DA:4089,0
DA:4090,0
DA:4091,0
DA:4092,0
DA:4093,0
DA:4094,0
DA:4095,0
DA:4096,0
DA:4097,0
DA:4098,0
DA:4100,0
DA:4101,0
DA:4103,0
DA:4104,0
DA:4105,0
DA:4106,0
DA:4107,0
DA:4108,0
DA:4109,0
DA:4110,0
DA:4111,0
DA:4112,0
DA:4113,0
DA:4114,0
DA:4115,0
DA:4116,0
DA:4117,0
DA:4119,0
DA:4120,0
DA:4122,0
DA:4123,0
DA:4124,0
DA:4125,0
DA:4126,0
DA:4127,0
DA:4128,0
DA:4129,0
DA:4130,0
DA:4131,0
DA:4132,0
DA:4133,0
DA:4134,0
DA:4135,0
DA:4136,0
DA:4138,0
DA:4139,0
DA:4141,0
DA:4142,0
DA:4143,0
DA:4144,0
DA:4145,0
DA:4146,0
DA:4147,0
DA:4148,0
DA:4149,0
DA:4150,0
DA:4151,0
DA:4152,0
DA:4153,0
DA:4154,0
DA:4155,0
DA:4157,0
DA:4158,0
DA:4160,0
DA:4161,0
DA:4162,0
DA:4163,0
DA:4164,0
DA:4165,0
DA:4166,0
DA:4167,0
DA:4168,0
DA:4169,0
DA:4170,0
DA:4171,0
DA:4172,0
DA:4173,0
DA:4174,0
DA:4176,0
DA:4177,0
DA:4179,0
DA:4180,0
DA:4181,0
DA:4182,0
DA:4183,0
DA:4184,0
DA:4185,0
DA:4186,0
DA:4187,0
DA:4188,0
DA:4189,0
DA:4190,0
DA:4191,0
DA:4192,0
DA:4193,0
DA:4195,0
DA:4196,0
DA:4198,0
DA:4199,0
DA:4200,0
DA:4201,0
DA:4202,0
DA:4203,0
DA:4204,0
DA:4205,0
DA:4206,0
DA:4207,0
DA:4208,0
DA:4209,0
DA:4210,0
DA:4211,0
DA:4212,0
DA:4214,0
DA:4215,0
DA:4217,0
DA:4218,0
DA:4219,0
DA:4220,0
DA:4221,0
DA:4222,0
DA:4223,0
DA:4224,0
DA:4225,0
DA:4226,0
DA:4227,0
DA:4228,0
DA:4229,0
DA:4230,0
DA:4231,0
DA:4233,0
DA:4234,0
DA:4236,0
DA:4237,0
DA:4238,0
DA:4239,0
DA:4240,0
DA:4241,0
DA:4242,0
DA:4243,0
DA:4244,0
DA:4245,0
DA:4246,0
DA:4247,0
DA:4248,0
DA:4249,0
DA:4250,0
DA:4252,0
DA:4253,0
DA:4255,0
DA:4256,0
DA:4257,0
DA:4258,0
DA:4259,0
DA:4260,0
DA:4261,0
DA:4262,0
DA:4263,0
DA:4264,0
DA:4265,0
DA:4266,0
DA:4267,0
DA:4268,0
DA:4269,0
DA:4271,0
DA:4272,0
DA:4274,0
DA:4275,0
DA:4276,0
DA:4277,0
DA:4278,0
DA:4279,0
DA:4280,0
DA:4281,0
DA:4282,0
DA:4283,0
DA:4284,0
DA:4285,0
DA:4286,0
DA:4287,0
DA:4288,0
DA:4290,0
DA:4291,0
DA:4293,0
DA:4294,0
DA:4295,0
DA:4296,0
DA:4297,0
DA:4298,0
DA:4299,0
DA:4300,0
DA:4301,0
DA:4302,0
DA:4303,0
DA:4304,0
DA:4305,0
DA:4306,0
DA:4307,0
DA:4309,0
DA:4310,0
DA:4312,0
DA:4313,0
DA:4314,0
DA:4315,0
DA:4316,0
DA:4317,0
DA:4318,0
DA:4319,0
DA:4320,0
DA:4321,0
DA:4322,0
DA:4323,0
DA:4324,0
DA:4325,0
DA:4326,0
DA:4328,0
DA:4329,0
DA:4331,0
DA:4332,0
DA:4333,0
DA:4334,0
DA:4335,0
DA:4336,0
DA:4337,0
DA:4338,0
DA:4339,0
DA:4340,0
DA:4341,0
DA:4342,0
DA:4343,0
DA:4344,0
DA:4345,0
DA:4347,0
DA:4348,0
DA:4350,0
DA:4351,0
DA:4352,0
DA:4353,0
DA:4354,0
DA:4355,0
DA:4356,0
DA:4357,0
DA:4358,0
DA:4359,0
DA:4360,0
DA:4361,0
DA:4362,0
DA:4363,0
DA:4364,0
DA:4366,0
DA:4367,0
DA:4369,0
DA:4370,0
DA:4371,0
DA:4372,0
DA:4373,0
DA:4374,0
DA:4375,0
DA:4376,0
DA:4377,0
DA:4378,0
DA:4379,0
DA:4380,0
DA:4381,0
DA:4382,0
DA:4383,0
DA:4386,0
DA:4387,0
DA:4389,0
DA:4390,0
DA:4391,0
DA:4392,0
DA:4393,0
DA:4394,0
DA:4395,0
DA:4396,0
DA:4397,0
DA:4398,0
DA:4399,0
DA:4400,0
DA:4401,0
DA:4402,0
DA:4403,0
DA:4406,0
DA:4407,0
[...]
DA:144,2
DA:145,4
DA:147,2
DA:149,1
DA:151,10
DA:157,2
DA:158,2
DA:159,4
DA:161,2
DA:163,1
DA:171,2
DA:172,2
DA:173,3
DA:175,2
DA:177,1
DA:179,1
DA:186,2
DA:187,2
DA:188,3
DA:190,2
DA:192,1
DA:200,2
DA:201,2
DA:202,3
DA:204,2
DA:206,1
DA:208,1
DA:215,2
DA:216,2
DA:217,2
DA:218,4
DA:220,2
DA:222,1
DA:230,2
DA:231,2
DA:232,2
DA:233,4
DA:235,2
DA:237,1
DA:239,15
DA:245,3
DA:246,3
DA:247,3
DA:248,7
DA:250,2
DA:252,1
DA:254,15
DA:260,3
DA:261,3
DA:262,3
DA:263,7
DA:265,2
DA:267,1
DA:269,1
DA:270,15
DA:276,3
DA:277,3
DA:278,3
DA:279,7
DA:281,2
DA:283,1
DA:285,1
DA:286,15
DA:292,3
DA:293,3
DA:294,3
DA:295,7
DA:297,2
DA:299,1
DA:301,1
DA:302,15
DA:308,3
DA:309,3
DA:310,3
DA:311,7
DA:313,2
DA:315,1
DA:317,10
DA:323,3
DA:324,3
DA:325,5
DA:327,2
DA:329,1
DA:331,10
DA:337,3
DA:338,3
DA:339,5
DA:341,2
DA:343,1
DA:345,10
DA:351,3
DA:352,3
DA:353,5
DA:355,2
DA:357,1
DA:359,1
DA:360,10
DA:366,2
DA:367,2
DA:368,3
DA:370,2
DA:372,1
DA:374,1
DA:381,2
DA:382,2
DA:383,3
DA:385,2
DA:387,1
DA:389,1
DA:390,10
DA:396,3
DA:397,3
DA:398,5
DA:400,2
DA:403,1
DA:405,1
DA:406,10
DA:412,3
DA:413,3
DA:414,5
DA:416,2
DA:418,1
DA:420,1
DA:421,10
DA:427,3
DA:428,3
DA:429,5
DA:431,2
DA:433,1
DA:435,1
DA:436,10
DA:442,3
DA:443,3
DA:444,5
DA:446,2
DA:448,1
DA:450,10
DA:456,3
DA:457,3
DA:458,5
DA:460,2
DA:462,1
DA:464,10
DA:470,3
DA:471,3
DA:472,5
DA:474,2
DA:477,1
DA:485,2
DA:486,2
DA:487,3
DA:489,2
DA:492,1
DA:499,2
DA:500,2
DA:503,1
DA:504,1
DA:505,3
DA:507,2
DA:509,1
DA:511,2
DA:512,31
DA:551,2
DA:552,1
DA:553,32
DA:556,31
DA:558,62
DA:559,31
DA:561,1
DA:564,1
DA:566,2
DA:567,1
DA:568,1
DA:569,3
LF:224
LH:223
end_of_record
TN:
SF:/home/jordan/tmp/cpusim/src/tests/unit/handrolled/testcpu.cpp
FN:4,_ZN7TestCPUD2Ev
FN:8,_ZN7TestCPU8runCasesIZNS_8testregsEvE8TestCaseEEbSt6vectorIT_SaIS3_EE
FN:8,_ZN7TestCPU8runCasesIZNS_9testgetipEvE8TestCaseEEbSt6vectorIT_SaIS3_EE
FN:8,_ZN7TestCPU8runCasesIZNS_9testsetipEvE8TestCaseEEbSt6vectorIT_SaIS3_EE
FN:8,_ZN7TestCPU8runCasesIZNS_29testregsAddressUnsignedMorselEvE8TestCaseEEbSt6vectorIT_SaIS3_EE
FN:8,_ZN7TestCPU8runCasesIZNS_12testtoStringEvE8TestCaseEEbSt6vectorIT_SaIS3_EE
FN:8,_ZN7TestCPU8runCasesIZNS_8testloadEvE8TestCaseEEbSt6vectorIT_SaIS3_EE
FN:8,_ZN7TestCPU8runCasesIZNS_8testviewEvE8TestCaseEEbSt6vectorIT_SaIS3_EE
FN:8,_ZN7TestCPU8runCasesIZNS_11testmemdumpEvE8TestCaseEEbSt6vectorIT_SaIS3_EE
FN:20,_ZN7TestCPUC2Ev
FN:21,_ZN7TestCPU11testmemdumpEv
FN:23,_ZZN7TestCPU11testmemdumpEvEN8TestCaseC2ERKS0_
FN:23,_ZZN7TestCPU11testmemdumpEvEN8TestCaseD2Ev
FN:42,_ZN7TestCPU8testloadEv
FN:44,_ZZN7TestCPU8testloadEvEN8TestCaseC2ERKS0_
FN:44,_ZZN7TestCPU8testloadEvEN8TestCaseD2Ev
FN:63,_ZN7TestCPU8testviewEv
FN:65,_ZZN7TestCPU8testviewEvEN8TestCaseD2Ev
FN:65,_ZZN7TestCPU8testviewEvEN8TestCaseC2ERKS0_
FN:82,_ZN7TestCPU9testgetipEv
FN:84,_ZZN7TestCPU9testgetipEvEN8TestCaseD2Ev
FN:84,_ZZN7TestCPU9testgetipEvEN8TestCaseC2ERKS0_
FN:98,_ZN7TestCPU9testsetipEv
FN:100,_ZZN7TestCPU9testsetipEvEN8TestCaseD2Ev
FN:100,_ZZN7TestCPU9testsetipEvEN8TestCaseC2ERKS0_
FN:114,_ZN7TestCPU12testtoStringEv
FN:116,_ZZN7TestCPU12testtoStringEvEN8TestCaseD2Ev
FN:116,_ZZN7TestCPU12testtoStringEvEN8TestCaseC2ERKS0_
FN:135,_ZN7TestCPU8testregsEv
FN:137,_ZZN7TestCPU8testregsEvEN8TestCaseD2Ev
FN:137,_ZZN7TestCPU8testregsEvEN8TestCaseC2ERKS0_
FN:153,_ZN7TestCPU29testregsAddressUnsignedMorselEv
FN:158,_ZZN7TestCPU29testregsAddressUnsignedMorselEvEN8TestCaseC2ERKS0_
FN:158,_ZZN7TestCPU29testregsAddressUnsignedMorselEvEN8TestCaseD2Ev
FN:169,_ZN7TestCPU13testloadimageEv
FN:174,_ZN7TestCPU11runAllTestsEv
FN:177,_ZZN7TestCPU11runAllTestsEvEN8UnitTestD2Ev
FN:206,main
FN:211,_Z41__static_initialization_and_destruction_0ii
FN:211,_GLOBAL__sub_I_main
FNDA:3,_ZZN7TestCPU8testviewEvEN8TestCaseD2Ev
FNDA:2,_ZZN7TestCPU9testsetipEvEN8TestCaseC2ERKS0_
FNDA:3,_ZZN7TestCPU12testtoStringEvEN8TestCaseD2Ev
FNDA:1,_Z41__static_initialization_and_destruction_0ii
FNDA:1,_ZN7TestCPU8runCasesIZNS_9testsetipEvE8TestCaseEEbSt6vectorIT_SaIS3_EE
FNDA:1,_ZN7TestCPU11testmemdumpEv
FNDA:2,_ZZN7TestCPU8testloadEvEN8TestCaseC2ERKS0_
FNDA:1,_ZN7TestCPU8runCasesIZNS_9testgetipEvE8TestCaseEEbSt6vectorIT_SaIS3_EE
FNDA:3,_ZZN7TestCPU8testregsEvEN8TestCaseD2Ev
FNDA:2,_ZN7TestCPUD2Ev
FNDA:1,_ZN7TestCPU9testsetipEv
FNDA:1,_ZN7TestCPU8runCasesIZNS_8testregsEvE8TestCaseEEbSt6vectorIT_SaIS3_EE
FNDA:2,_ZZN7TestCPU11testmemdumpEvEN8TestCaseC2ERKS0_
FNDA:1,_ZN7TestCPU9testgetipEv
FNDA:3,_ZZN7TestCPU9testsetipEvEN8TestCaseD2Ev
FNDA:1,_ZN7TestCPU11runAllTestsEv
FNDA:2,_ZZN7TestCPU29testregsAddressUnsignedMorselEvEN8TestCaseC2ERKS0_
FNDA:1,_ZN7TestCPU8runCasesIZNS_8testviewEvE8TestCaseEEbSt6vectorIT_SaIS3_EE
FNDA:2,_ZZN7TestCPU9testgetipEvEN8TestCaseC2ERKS0_
FNDA:1,_ZN7TestCPU8testviewEv
FNDA:1,_ZN7TestCPU8runCasesIZNS_8testloadEvE8TestCaseEEbSt6vectorIT_SaIS3_EE
FNDA:3,_ZZN7TestCPU29testregsAddressUnsignedMorselEvEN8TestCaseD2Ev
FNDA:3,_ZZN7TestCPU9testgetipEvEN8TestCaseD2Ev
FNDA:3,_ZZN7TestCPU11testmemdumpEvEN8TestCaseD2Ev
FNDA:2,_ZZN7TestCPU8testviewEvEN8TestCaseC2ERKS0_
FNDA:2,_ZZN7TestCPU8testregsEvEN8TestCaseC2ERKS0_
FNDA:1,_ZN7TestCPU8testloadEv
FNDA:1,_ZN7TestCPU8runCasesIZNS_11testmemdumpEvE8TestCaseEEbSt6vectorIT_SaIS3_EE
FNDA:1,_ZN7TestCPU13testloadimageEv
FNDA:1,_ZN7TestCPU29testregsAddressUnsignedMorselEv
FNDA:9,_ZZN7TestCPU11runAllTestsEvEN8UnitTestD2Ev
FNDA:1,main
FNDA:2,_ZN7TestCPUC2Ev
FNDA:1,_ZN7TestCPU8runCasesIZNS_12testtoStringEvE8TestCaseEEbSt6vectorIT_SaIS3_EE
FNDA:3,_ZZN7TestCPU8testloadEvEN8TestCaseD2Ev
FNDA:1,_GLOBAL__sub_I_main
FNDA:1,_ZN7TestCPU8runCasesIZNS_29testregsAddressUnsignedMorselEvE8TestCaseEEbSt6vectorIT_SaIS3_EE
FNDA:1,_ZN7TestCPU8testregsEv
FNDA:2,_ZZN7TestCPU12testtoStringEvEN8TestCaseC2ERKS0_
FNDA:1,_ZN7TestCPU12testtoStringEv
FNF:40
FNH:40
DA:4,2
DA:8,8
DA:9,8
DA:10,16
DA:12,8
DA:13,8
DA:14,0
DA:17,8
DA:20,2
DA:21,1
DA:23,5
DA:28,2
DA:29,2
DA:30,2
DA:31,1
DA:32,2
DA:33,2
DA:34,1
DA:35,1
DA:39,2
DA:40,2
DA:42,1
DA:44,5
DA:49,1
DA:51,2
DA:52,2
DA:53,2
DA:54,1
DA:55,2
DA:56,1
DA:60,2
DA:61,2
DA:63,1
DA:65,5
DA:70,2
DA:71,2
DA:72,2
DA:73,1
DA:74,2
DA:75,1
DA:79,2
DA:80,2
DA:82,1
DA:84,5
DA:89,2
DA:90,1
DA:91,2
DA:95,2
DA:96,2
DA:98,1
DA:100,5
DA:105,2
DA:106,1
DA:107,2
DA:111,2
DA:112,2
DA:114,1
DA:116,5
DA:121,2
DA:123,2
DA:124,1
DA:125,1
DA:126,1
DA:127,1
DA:128,1
DA:132,2
DA:133,2
DA:135,1
DA:137,5
DA:142,2
DA:143,2
DA:144,2
DA:145,1
DA:149,2
DA:151,2
DA:153,1
DA:155,2
DA:157,1
DA:158,5
DA:164,2
DA:165,2
DA:167,2
DA:169,1
DA:171,1
DA:174,1
DA:176,2
DA:177,9
DA:192,2
DA:194,10
DA:197,9
DA:199,18
DA:200,9
DA:203,1
DA:206,1
DA:208,2
DA:209,1
DA:210,1
DA:211,3
LF:98
LH:97
end_of_record
TN:
SF:/home/jordan/tmp/cpusim/src/tests/unit/handrolled/testmorsel.cpp
FN:4,_ZN10TestMorselD2Ev
FN:7,_ZN10TestMorselC2Ev
FN:9,_ZN10TestMorsel9testCountEv
FN:14,_ZN10TestMorsel19TestMorselAddMorselEv
FN:30,_ZN10TestMorsel16testMorselAddIntEv
FN:41,_ZN10TestMorsel19testMorselSubMorselEv
FN:52,_ZN10TestMorsel16testIntSubMorselEv
FN:63,_ZN10TestMorsel19testMorselDecMorselEv
FN:72,_ZN10TestMorsel13testMorselIncEv
FN:80,_ZN10TestMorsel19testMorselAssignIntEv
FN:94,_ZN10TestMorsel18testMorselAsStringEv
FN:97,_ZZN10TestMorsel18testMorselAsStringEvEN8TestCaseD2Ev
FN:122,_ZN10TestMorsel16testStreamMorselEv
FN:125,_ZZN10TestMorsel16testStreamMorselEvEN8TestCaseD2Ev
FN:145,_ZN10TestMorsel24testMorselLessThanMorselEv
FN:151,_ZN10TestMorsel21testMorselLessThanIntEv
FN:157,_ZN10TestMorsel27testMorselLessOrEqualMorselEv
FN:163,_ZN10TestMorsel24testMorselLessOrEqualIntEv
FN:168,_ZN10TestMorsel24testIntLessOrEqualMorselEv
FN:173,_ZN10TestMorsel24testMorselGreaterThanIntEv
FN:178,_ZN10TestMorsel24testIntGreaterThanMorselEv
FN:184,_ZN10TestMorsel27testMorselGreaterThanMorselEv
FN:190,_ZN10TestMorsel30testMorselGreaterOrEqualMorselEv
FN:196,_ZN10TestMorsel19testMorselDivMorselEv
FN:199,_ZZN10TestMorsel19testMorselDivMorselEvEN8TestCaseD2Ev
FN:221,_ZN10TestMorsel19testMorselModMorselEv
FN:230,_ZN10TestMorsel14testMorselSizeEv
FN:235,_ZN10TestMorsel21testMorselEqualMorselEv
FN:241,_ZN10TestMorsel18testMorselEqualIntEv
FN:247,_ZN10TestMorsel15testMorselAsIntEv
FN:255,_ZN10TestMorsel26testMorselBitwiseAndMorselEv
FN:264,_ZN10TestMorsel23testMorselBitwiseAndIntEv
FN:273,_ZN10TestMorsel25testMorselBitwiseOrMorselEv
FN:282,_ZN10TestMorsel31testMorselBitwiseOrMorselAssignEv
FN:290,_ZN10TestMorsel24testMorselBitwiseInverseEv
FN:298,_ZN10TestMorsel26testMorselBitwiseXorMorselEv
FN:307,_ZN10TestMorsel25testMorselLeftshiftMorselEv
FN:310,_ZZN10TestMorsel25testMorselLeftshiftMorselEvEN8TestCaseD2Ev
FN:332,_ZN10TestMorsel22testMorselLeftShiftIntEv
FN:341,_ZN10TestMorsel23testMorselRightShiftIntEv
FN:350,_ZN10TestMorsel26testMorselRightShiftMorselEv
FN:359,_ZN10TestMorsel24testMorselMultiplyMorselEv
FN:368,_ZN10TestMorsel27testMorselIntMultiplyMorselEv
FN:377,_ZN10TestMorsel28testMorselLeftShiftAssignIntEv
FN:385,_ZN10TestMorsel18testMorselNEMorselEv
FN:391,_ZN10TestMorsel15testMorselNEIntEv
FN:397,_ZN10TestMorsel17testMorselAsFloatEv
FN:403,_ZN10TestMorsel16testMorselAsCharEv
FN:406,_ZZN10TestMorsel16testMorselAsCharEvEN8TestCaseD2Ev
FN:430,_ZN10TestMorsel11runAllTestsEv
FN:433,_ZZN10TestMorsel11runAllTestsEvEN14NameResultPairD2Ev
FN:495,main
FN:500,_Z41__static_initialization_and_destruction_0ii
FN:500,_GLOBAL__sub_I_main
FNDA:1,_ZN10TestMorsel24testMorselBitwiseInverseEv
FNDA:1,_ZN10TestMorsel26testMorselBitwiseAndMorselEv
FNDA:1,_ZN10TestMorsel15testMorselAsIntEv
FNDA:1,_ZZN10TestMorsel19testMorselDivMorselEvEN8TestCaseD2Ev
FNDA:1,_ZN10TestMorsel16testMorselAddIntEv
FNDA:1,_ZN10TestMorsel19testMorselAssignIntEv
FNDA:1,_ZN10TestMorsel26testMorselRightShiftMorselEv
FNDA:1,_ZN10TestMorsel14testMorselSizeEv
FNDA:1,_ZN10TestMorsel25testMorselBitwiseOrMorselEv
FNDA:1,_ZN10TestMorsel11runAllTestsEv
FNDA:1,_ZN10TestMorsel19TestMorselAddMorselEv
FNDA:1,_ZN10TestMorsel24testMorselLessThanMorselEv
FNDA:1,_ZN10TestMorsel27testMorselLessOrEqualMorselEv
FNDA:1,_ZN10TestMorsel19testMorselSubMorselEv
FNDA:1,_ZN10TestMorsel26testMorselBitwiseXorMorselEv
FNDA:1,_ZN10TestMorsel24testIntGreaterThanMorselEv
FNDA:1,_ZN10TestMorsel24testMorselGreaterThanIntEv
FNDA:1,_ZN10TestMorsel24testMorselMultiplyMorselEv
FNDA:1,_ZN10TestMorsel23testMorselBitwiseAndIntEv
FNDA:42,_ZZN10TestMorsel11runAllTestsEvEN14NameResultPairD2Ev
FNDA:1,_ZN10TestMorsel25testMorselLeftshiftMorselEv
FNDA:1,_ZN10TestMorsel17testMorselAsFloatEv
FNDA:1,_ZN10TestMorsel23testMorselRightShiftIntEv
FNDA:1,main
FNDA:1,_ZN10TestMorsel16testIntSubMorselEv
FNDA:1,_ZN10TestMorsel13testMorselIncEv
FNDA:1,_ZN10TestMorsel19testMorselDivMorselEv
FNDA:1,_ZN10TestMorsel30testMorselGreaterOrEqualMorselEv
FNDA:1,_ZN10TestMorsel15testMorselNEIntEv
FNDA:1,_ZN10TestMorsel19testMorselDecMorselEv
FNDA:3,_ZZN10TestMorsel25testMorselLeftshiftMorselEvEN8TestCaseD2Ev
FNDA:2,_ZN10TestMorselC2Ev
FNDA:1,_GLOBAL__sub_I_main
FNDA:4,_ZZN10TestMorsel16testMorselAsCharEvEN8TestCaseD2Ev
FNDA:1,_ZN10TestMorsel19testMorselModMorselEv
FNDA:1,_ZN10TestMorsel18testMorselAsStringEv
FNDA:1,_Z41__static_initialization_and_destruction_0ii
FNDA:1,_ZN10TestMorsel27testMorselIntMultiplyMorselEv
FNDA:1,_ZN10TestMorsel21testMorselEqualMorselEv
FNDA:1,_ZN10TestMorsel22testMorselLeftShiftIntEv
FNDA:1,_ZN10TestMorsel18testMorselEqualIntEv
FNDA:1,_ZN10TestMorsel16testStreamMorselEv
FNDA:1,_ZN10TestMorsel21testMorselLessThanIntEv
FNDA:2,_ZZN10TestMorsel16testStreamMorselEvEN8TestCaseD2Ev
FNDA:1,_ZN10TestMorsel28testMorselLeftShiftAssignIntEv
FNDA:4,_ZZN10TestMorsel18testMorselAsStringEvEN8TestCaseD2Ev
FNDA:1,_ZN10TestMorsel16testMorselAsCharEv
FNDA:1,_ZN10TestMorsel24testIntLessOrEqualMorselEv
FNDA:1,_ZN10TestMorsel31testMorselBitwiseOrMorselAssignEv
FNDA:1,_ZN10TestMorsel27testMorselGreaterThanMorselEv
FNDA:1,_ZN10TestMorsel24testMorselLessOrEqualIntEv
FNDA:2,_ZN10TestMorselD2Ev
FNDA:1,_ZN10TestMorsel9testCountEv
FNDA:1,_ZN10TestMorsel18testMorselNEMorselEv
FNF:54
FNH:54
DA:4,2
DA:7,2
DA:9,1
DA:11,2
DA:12,2
DA:14,1
DA:17,2
DA:18,2
DA:19,2
DA:20,2
DA:21,1
DA:22,1
DA:24,2
DA:25,2
DA:26,2
DA:27,1
DA:28,2
DA:30,1
DA:33,2
DA:34,1
DA:35,2
DA:36,2
DA:37,1
DA:38,1
DA:39,2
DA:41,1
DA:44,2
DA:45,2
DA:46,2
DA:47,2
DA:48,1
DA:49,1
DA:50,2
DA:52,1
DA:55,1
DA:56,2
DA:57,2
DA:58,2
DA:59,1
DA:60,1
DA:61,2
DA:63,1
DA:65,2
DA:66,2
DA:67,1
DA:68,2
DA:69,1
DA:70,2
DA:72,1
DA:74,2
DA:75,1
DA:76,2
DA:77,1
DA:78,2
DA:80,1
DA:82,2
DA:83,2
DA:84,1
DA:85,2
DA:94,1
DA:96,1
DA:97,4
DA:107,2
DA:110,5
DA:112,4
DA:113,4
DA:115,0
DA:116,0
DA:120,2
DA:122,1
DA:124,1
DA:125,2
DA:133,2
DA:135,3
DA:137,4
DA:138,4
DA:139,2
DA:140,2
DA:143,2
DA:145,1
DA:147,2
DA:148,2
DA:149,2
DA:151,1
DA:153,2
DA:154,1
DA:155,2
DA:157,1
DA:159,2
DA:160,2
DA:161,2
DA:163,1
DA:165,2
DA:166,2
DA:168,1
DA:170,2
DA:171,2
DA:173,1
DA:175,2
DA:176,2
DA:178,1
DA:180,2
DA:181,1
DA:182,2
DA:184,1
DA:186,2
DA:187,2
DA:188,2
DA:190,1
DA:192,2
DA:193,2
DA:194,2
DA:196,1
DA:198,1
DA:199,1
DA:205,2
DA:208,4
DA:210,2
DA:212,1
DA:213,1
DA:215,0
DA:216,0
DA:219,2
DA:221,1
DA:223,2
DA:224,2
DA:225,2
DA:226,2
DA:227,1
DA:228,2
DA:230,1
DA:232,2
DA:233,2
DA:235,1
DA:237,2
DA:238,2
DA:239,2
DA:241,1
DA:243,2
DA:244,1
DA:245,2
DA:247,1
DA:249,1
DA:250,2
DA:252,1
DA:253,2
DA:255,1
DA:257,2
DA:258,2
DA:259,2
DA:260,1
DA:261,2
DA:262,2
DA:264,1
DA:266,2
DA:267,1
DA:268,2
DA:269,1
DA:270,2
DA:271,2
DA:273,1
DA:275,2
DA:276,2
DA:277,2
DA:278,1
DA:279,2
DA:280,2
DA:282,1
DA:284,2
DA:285,2
DA:286,1
DA:287,2
DA:288,2
DA:290,1
DA:292,2
DA:293,2
DA:294,1
DA:295,2
DA:296,2
DA:298,1
DA:300,2
DA:301,2
DA:302,2
DA:303,1
DA:304,2
DA:305,2
DA:307,1
DA:309,1
DA:310,3
DA:316,2
DA:317,2
DA:318,2
DA:319,8
DA:321,4
DA:323,3
DA:324,3
DA:326,0
DA:327,0
DA:330,2
DA:332,1
DA:334,2
DA:335,1
DA:336,2
DA:337,1
DA:338,2
DA:339,2
DA:341,1
DA:343,2
DA:344,1
DA:345,2
DA:346,1
DA:347,2
DA:348,2
DA:350,1
DA:352,2
DA:353,2
DA:354,2
DA:355,1
DA:356,2
DA:357,2
DA:359,1
DA:361,2
DA:362,2
DA:363,2
DA:364,2
DA:365,1
DA:366,2
DA:368,1
DA:370,1
DA:371,2
DA:372,2
DA:373,2
DA:374,1
DA:375,2
DA:377,1
DA:379,2
DA:380,1
DA:381,2
DA:382,1
DA:383,2
DA:385,1
DA:387,2
DA:388,2
DA:389,2
DA:391,1
DA:393,2
DA:394,1
DA:395,2
DA:397,1
DA:399,2
DA:400,1
DA:401,2
DA:403,1
DA:405,1
DA:406,4
DA:416,2
DA:418,5
DA:420,4
DA:421,4
DA:423,0
DA:424,0
DA:427,2
DA:430,1
DA:432,2
DA:433,42
DA:481,2
DA:483,43
DA:485,42
DA:487,42
DA:489,84
DA:490,42
DA:492,1
DA:495,1
DA:497,2
DA:498,1
DA:499,1
DA:500,3
LF:277
LH:269
end_of_record
TN:
SF:/home/jordan/tmp/cpusim/src/ui/TextUI.cpp
FN:2,_ZN6TextUI6createESt6vectorINSt7__cxx1112basic_stringIcSt11char_traitsIcESaIcEEESaIS6_EE
FN:5,_ZN6TextUI9user_loopEv
FN:199,_GLOBAL__sub_I__ZN6TextUI6createESt6vectorINSt7__cxx1112basic_stringIcSt11char_traitsIcESaIcEEESaIS6_EE
FN:199,_Z41__static_initialization_and_destruction_0ii
FNDA:2,_ZN6TextUI9user_loopEv
FNDA:0,_ZN6TextUI6createESt6vectorINSt7__cxx1112basic_stringIcSt11char_traitsIcESaIcEEESaIS6_EE
FNDA:2,_Z41__static_initialization_and_destruction_0ii
FNDA:2,_GLOBAL__sub_I__ZN6TextUI6createESt6vectorINSt7__cxx1112basic_stringIcSt11char_traitsIcESaIcEEESaIS6_EE
FNF:4
FNH:3
DA:2,0
DA:3,0
DA:5,2
DA:9,2
DA:10,4
DA:11,2
DA:15,8
DA:16,8
DA:17,8
DA:18,0
DA:21,8
DA:24,133
DA:26,357
DA:27,18
DA:28,18
DA:29,139
DA:35,125
DA:37,12
DA:39,113
DA:41,12
DA:43,125
DA:46,8
DA:47,8
DA:49,2
DA:51,0
DA:52,0
DA:54,2
DA:56,2
DA:57,2
DA:61,0
DA:64,6
DA:66,2
DA:67,0
DA:70,2
DA:71,2
DA:72,2
DA:75,4
DA:77,2
DA:79,2
DA:81,0
DA:82,0
DA:85,0
DA:86,0
DA:87,0
DA:88,0
DA:89,0
DA:91,0
DA:94,2
DA:96,0
DA:98,0
DA:99,0
DA:101,0
DA:102,0
DA:104,0
DA:106,0
DA:109,0
DA:110,0
DA:111,0
DA:112,0
DA:114,0
DA:115,0
DA:118,2
DA:120,0
DA:121,0
DA:123,0
DA:125,2
DA:127,0
DA:128,0
DA:130,0
DA:132,2
DA:134,0
DA:136,0
DA:137,0
DA:140,0
DA:141,0
DA:142,0
DA:144,2
DA:158,0
DA:160,0
DA:162,0
DA:165,2
DA:167,0
DA:168,0
DA:170,0
DA:172,2
DA:174,0
DA:176,0
DA:178,0
DA:179,0
DA:181,0
DA:183,2
DA:186,2
DA:190,0
DA:191,0
DA:193,0
DA:196,6
DA:199,6
LF:97
LH:43
end_of_record
TN:
SF:/home/jordan/tmp/cpusim/src/ui/TextUI.h
FN:13,_ZN6TextUIC2Ev
FN:13,_ZN6TextUID2Ev
FNDA:2,_ZN6TextUID2Ev
FNDA:4,_ZN6TextUIC2Ev
FNF:2
FNH:2
DA:13,6
LF:1
LH:1
end_of_record
TN:
SF:/home/jordan/tmp/cpusim/src/ui/UI.h
FN:1,_ZN2UIC2Ev
FNDA:4,_ZN2UIC2Ev
FNF:1
FNH:1
DA:1,4
LF:1
LH:1
end_of_record
TN:
SF:/home/jordan/tmp/cpusim/src/ui/parser/abstracter.cpp
FN:3,_Z10abstracterP10parse_nodeP8ast_node
FNDA:0,_Z10abstracterP10parse_nodeP8ast_node
FNF:1
FNH:0
DA:3,0
DA:5,0
DA:7,0
DA:8,0
DA:9,0
DA:10,0
DA:11,0
DA:12,0
DA:13,0
DA:14,0
DA:15,0
DA:16,0
DA:17,0
DA:18,0
DA:19,0
DA:20,0
DA:22,0
DA:23,0
DA:24,0
DA:25,0
DA:26,0
DA:27,0
DA:28,0
DA:29,0
DA:30,0
DA:32,0
DA:33,0
DA:34,0
DA:36,0
DA:37,0
DA:38,0
DA:40,0
LF:32
LH:0
end_of_record
TN:
SF:/home/jordan/tmp/cpusim/src/ui/parser/lexer.cpp
FN:48,_Z11token_printP5token
FN:76,_Z5matchPPcPKc
FN:87,_Z4loadPPcP5token
FN:102,_Z5storePPcP5token
FN:122,_Z10whitespacePPcP5token
FN:152,_Z10identifierPPcP5token
FN:183,_Z5valuePPcP5token
FN:224,_Z5parsePPc
FNDA:0,_Z10identifierPPcP5token
FNDA:0,_Z5matchPPcPKc
FNDA:0,_Z5valuePPcP5token
FNDA:0,_Z5parsePPc
FNDA:0,_Z11token_printP5token
FNDA:0,_Z5storePPcP5token
FNDA:0,_Z4loadPPcP5token
FNDA:0,_Z10whitespacePPcP5token
FNF:8
FNH:0
DA:48,0
DA:50,0
DA:51,0
DA:53,0
DA:54,0
DA:55,0
DA:56,0
DA:57,0
DA:58,0
DA:59,0
DA:60,0
DA:61,0
DA:62,0
DA:63,0
DA:64,0
DA:65,0
DA:66,0
DA:67,0
DA:68,0
DA:69,0
DA:71,0
DA:72,0
DA:73,0
DA:74,0
DA:76,0
DA:78,0
DA:79,0
DA:81,0
DA:82,0
DA:84,0
DA:87,0
DA:89,0
DA:90,0
DA:91,0
DA:93,0
DA:95,0
DA:96,0
DA:97,0
DA:99,0
DA:102,0
DA:104,0
DA:105,0
DA:106,0
DA:107,0
DA:109,0
DA:110,0
DA:111,0
DA:113,0
DA:122,0
DA:124,0
DA:125,0
DA:126,0
DA:127,0
DA:129,0
DA:131,0
DA:134,0
DA:136,0
DA:137,0
DA:141,0
DA:142,0
DA:144,0
DA:145,0
DA:146,0
DA:149,0
DA:152,0
DA:154,0
DA:155,0
DA:156,0
DA:157,0
DA:159,0
DA:160,0
DA:161,0
DA:164,0
DA:167,0
DA:169,0
DA:170,0
DA:173,0
DA:174,0
DA:176,0
DA:177,0
DA:178,0
DA:180,0
DA:183,0
DA:185,0
DA:186,0
DA:187,0
DA:188,0
DA:190,0
DA:192,0
DA:193,0
DA:194,0
DA:195,0
DA:196,0
DA:197,0
DA:198,0
DA:201,0
DA:204,0
DA:206,0
DA:207,0
DA:211,0
DA:212,0
DA:214,0
DA:215,0
DA:216,0
DA:218,0
DA:224,0
DA:226,0
DA:227,0
DA:228,0
DA:229,0
DA:230,0
DA:232,0
DA:234,0
DA:235,0
DA:236,0
DA:237,0
DA:238,0
DA:240,0
DA:241,0
DA:242,0
DA:243,0
DA:245,0
DA:249,0
DA:253,0
DA:254,0
DA:255,0
DA:256,0
DA:258,0
DA:259,0
DA:264,0
DA:265,0
DA:267,0
DA:268,0
DA:269,0
DA:271,0
DA:273,0
DA:274,0
LF:137
LH:0
end_of_record
TN:
SF:/home/jordan/tmp/cpusim/src/ui/parser/parser.cpp
FN:29,_Z5matchPP5tokenPKS_PP10parse_node
FN:69,_Z9statementPP5tokenPP10parse_node
FN:106,_Z14load_statementPP5tokenPP10parse_node
FN:141,_Z15store_statementPP5tokenPP10parse_node
FN:178,_Z10parse_walkP10parse_node
FN:215,_Z4testv
FNDA:0,_Z4testv
FNDA:0,_Z10parse_walkP10parse_node
FNDA:0,_Z9statementPP5tokenPP10parse_node
FNDA:0,_Z5matchPP5tokenPKS_PP10parse_node
FNDA:0,_Z15store_statementPP5tokenPP10parse_node
FNDA:0,_Z14load_statementPP5tokenPP10parse_node
FNF:6
FNH:0
DA:29,0
DA:31,0
DA:32,0
DA:34,0
DA:35,0
DA:36,0
DA:37,0
DA:38,0
DA:39,0
DA:40,0
DA:41,0
DA:42,0
DA:43,0
DA:44,0
DA:45,0
DA:46,0
DA:47,0
DA:48,0
DA:49,0
DA:50,0
DA:51,0
DA:54,0
DA:56,0
DA:57,0
DA:58,0
DA:59,0
DA:60,0
DA:61,0
DA:62,0
DA:63,0
DA:64,0
DA:66,0
DA:69,0
DA:71,0
DA:72,0
DA:78,0
DA:80,0
DA:81,0
DA:82,0
DA:83,0
DA:84,0
DA:85,0
DA:86,0
DA:87,0
DA:88,0
DA:89,0
DA:90,0
DA:91,0
DA:92,0
DA:93,0
DA:94,0
DA:95,0
DA:96,0
DA:97,0
DA:98,0
DA:100,0
DA:101,0
DA:102,0
DA:106,0
DA:108,0
DA:109,0
DA:112,0
DA:113,0
DA:114,0
DA:119,0
DA:120,0
DA:121,0
DA:123,0
DA:124,0
DA:125,0
DA:126,0
DA:127,0
DA:128,0
DA:129,0
DA:130,0
DA:131,0
DA:133,0
DA:134,0
DA:135,0
DA:141,0
DA:143,0
DA:144,0
DA:147,0
DA:148,0
DA:149,0
DA:156,0
DA:157,0
DA:158,0
DA:159,0
DA:161,0
DA:163,0
DA:164,0
DA:165,0
DA:166,0
DA:167,0
DA:168,0
DA:169,0
DA:170,0
DA:172,0
DA:173,0
DA:174,0
DA:178,0
DA:180,0
DA:181,0
DA:182,0
DA:183,0
DA:184,0
DA:185,0
DA:186,0
DA:187,0
DA:188,0
DA:189,0
DA:190,0
DA:191,0
DA:192,0
DA:193,0
DA:194,0
DA:195,0
DA:196,0
DA:197,0
DA:198,0
DA:199,0
DA:200,0
DA:201,0
DA:202,0
DA:203,0
DA:204,0
DA:206,0
DA:207,0
DA:208,0
DA:210,0
DA:211,0
DA:212,0
DA:215,0
DA:217,0
DA:218,0
DA:221,0
DA:223,0
DA:224,0
DA:226,0
DA:227,0
DA:233,0
DA:234,0
DA:236,0
DA:238,0
LF:145
LH:0
end_of_record
